#
# A fatal error has been detected by the Java Runtime Environment:
#
#  SIGSEGV (0xb) at pc=0x000000012265a173, pid=59055, tid=1811
#
# JRE version: Java(TM) SE Runtime Environment (8.0-b132) (build 1.8.0-b132)
# Java VM: Java HotSpot(TM) 64-Bit Server VM (25.0-b70 mixed mode bsd-amd64 compressed oops)
# Problematic frame:
# C  [libglass.dylib+0x1b173]  GlassScreenDidChangeScreenParameters+0x53
#
# Failed to write core dump. Core dumps have been disabled. To enable core dumping, try "ulimit -c unlimited" before starting Java again
#
# If you would like to submit a bug report, please visit:
#   http://bugreport.sun.com/bugreport/crash.jsp
#

---------------  T H R E A D  ---------------

Current thread is native thread

siginfo:si_signo=SIGSEGV: si_errno=0, si_code=1 (SEGV_MAPERR), si_addr=0x0000000000000000

Registers:
RAX=0x00007ffd9ae32208, RBX=0x0000000000000000, RCX=0x000000012268c910, RDX=0x00007fff7b71b1f8
RSP=0x00007fff58f9d0f0, RBP=0x00007fff58f9d100, RSI=0x00007ffd9ac2a240, RDI=0x0000000000000000
R8 =0x00007fff58f9cfa0, R9 =0x00007fff7ae0f300, R10=0x0000000000000000, R11=0x0000000000000246
R12=0x00007ffd9af0a950, R13=0x00000000000f4268, R14=0x00007ffd9af3f200, R15=0x00007fff58f9d240
RIP=0x000000012265a173, EFLAGS=0x0000000000010202, ERR=0x0000000000000004
  TRAPNO=0x000000000000000e

Top of Stack: (sp=0x00007fff58f9d0f0)
0x00007fff58f9d0f0:   00007fff58f9d100 00007fff58f9d2d0
0x00007fff58f9d100:   00007fff58f9d110 00007fff8d229cdc
0x00007fff58f9d110:   00007fff58f9d470 00007fff8d11b244
0x00007fff58f9d120:   00007fff58f9d170 0000000000001e00
0x00007fff58f9d130:   00007fff79d85cf0 00007ffd9af32810
0x00007fff58f9d140:   0000000000001003 0000000000000288
0x00007fff58f9d150:   00007ffd9af32810 00007ffd9af3f200
0x00007fff58f9d160:   0000000000000000 00007fff58f9d240
0x00007fff58f9d170:   0000000000000000 00007ffd9af3f1c0
0x00007fff58f9d180:   00007fff58f9d2c0 000000000000001b
0x00007fff58f9d190:   00000000000f4287 00007ffd9c803950
0x00007fff58f9d1a0:   00007ffd9af2daf0 00007ffd9af0a950
0x00007fff58f9d1b0:   0000000000000001 00000000000f4268
0x00007fff58f9d1c0:   00007ffd9af0a940 00007fff95ae7acb
0x00007fff58f9d1d0:   0000000000000001 0000000000000001
0x00007fff58f9d1e0:   0000000000000030 0000000000000001
0x00007fff58f9d1f0:   00007fff58f9d210 00007fff95aed231
0x00007fff58f9d200:   00007fff79d83dd0 0000000000000000
0x00007fff58f9d210:   00007fff58f9d230 0000000000000000
0x00007fff58f9d220:   0000330395ae753e 00007ffd9af0a974
0x00007fff58f9d230:   0000000000000000 00007fff8d110d1f
0x00007fff58f9d240:   00007ffd9af3f200 00007fff79d83dd0
0x00007fff58f9d250:   00007fff58f9d2d0 0000000000000004
0x00007fff58f9d260:   00007fff58f9d2a0 00007fff95ae753e
0x00007fff58f9d270:   0000000106c7da00 0000000000000002
0x00007fff58f9d280:   0000000106c7a000 00007ffd9c8012f2
0x00007fff58f9d290:   0000000000000003 0000000106c7f800
0x00007fff58f9d2a0:   00007fff58f9d390 00007fff95ae62a2
0x00007fff58f9d2b0:   00007ffd9ad33a20 00007fff58f9d478
0x00007fff58f9d2c0:   0000000000000017 0000000000000000
0x00007fff58f9d2d0:   00000000000f4268 00007fff8d111013
0x00007fff58f9d2e0:   00007fff00000000 00007ffd9ac4c300 

Instructions: (pc=0x000000012265a173)
0x000000012265a153:   50 01 00 48 89 df ff 90 88 03 00 00 48 8d 0d a2
0x000000012265a163:   28 03 00 48 89 01 48 8d 0d a0 27 03 00 48 8b 31
0x000000012265a173:   48 8b 0b 48 89 df 48 89 c2 30 c0 ff 91 68 04 00
0x000000012265a183:   00 48 83 c4 08 5b 5d c3 0f 1f 44 00 00 55 48 89 

Register to memory mapping:

RAX=0x00007ffd9ae32208 is an unknown value
RBX=0x0000000000000000 is an unknown value
RCX=0x000000012268c910: jScreenClass+0 in /Library/Java/JavaVirtualMachines/jdk1.8.0.jdk/Contents/Home/jre/lib/libglass.dylib at 0x000000012263f000
RDX=0x00007fff7b71b1f8: __sFX+0x1c8 in /usr/lib/system/libsystem_c.dylib at 0x00007fff97daf000
RSP=0x00007fff58f9d0f0 is an unknown value
RBP=0x00007fff58f9d100 is an unknown value
RSI=0x00007ffd9ac2a240 is a global jni handle
RDI=0x0000000000000000 is an unknown value
R8 =0x00007fff58f9cfa0 is an unknown value
R9 =0x00007fff7ae0f300: _thread+0 in /usr/lib/system/libsystem_pthread.dylib at 0x00007fff93a3e000
R10=0x0000000000000000 is an unknown value
R11=0x0000000000000246 is an unknown value
R12=0x00007ffd9af0a950 is an unknown value
R13=0x00000000000f4268 is an unknown value
R14=0x00007ffd9af3f200 is an unknown value
R15=0x00007fff58f9d240 is an unknown value


Stack: [0x00007fff587a0000,0x00007fff58fa0000],  sp=0x00007fff58f9d0f0,  free space=8180k
Native frames: (J=compiled Java code, j=interpreted, Vv=VM code, C=native code)
C  [libglass.dylib+0x1b173]  GlassScreenDidChangeScreenParameters+0x53
C  [CoreFoundation+0x11ecdc]  __CFNOTIFICATIONCENTER_IS_CALLING_OUT_TO_AN_OBSERVER__+0xc
C  [CoreFoundation+0x10244]  _CFXNotificationPost+0xc44
C  [Foundation+0x2c31]  -[NSNotificationCenter postNotificationName:object:userInfo:]+0x42
C  [AppKit+0x36305e]  -[NSApplication _reactToScreenInvalidationImmediately:]+0x17b
C  [AppKit+0x362e9d]  __44-[NSApplication _reactToScreenInvalidation:]_block_invoke+0x4b
C  [CoreFoundation+0x8056c]  __CFRUNLOOP_IS_CALLING_OUT_TO_A_BLOCK__+0xc
C  [CoreFoundation+0x72675]  __CFRunLoopDoBlocks+0x155
C  [CoreFoundation+0x721b6]  __CFRunLoopRun+0x716
C  [CoreFoundation+0x71858]  CFRunLoopRunSpecific+0x128
C  [java+0x56db]  CreateExecutionEnvironment+0x367
C  [java+0x167c]  JLI_Launch+0x7a0
C  [java+0x7699]  main+0x65
C  [java+0xed4]  start+0x34


---------------  P R O C E S S  ---------------

VM state:at safepoint (normal execution)

VM Mutex/Monitor currently owned by a thread:  ([mutex/lock_event])
[0x00007ffd9af03510] Threads_lock - owner thread: 0x00007ffd9b024800

Heap:
 PSYoungGen      total 5120K, used 1160K [0x0000000795580000, 0x0000000795b80000, 0x00000007c0000000)
  eden space 4096K, 9% used [0x0000000795580000,0x00000007955de2b8,0x0000000795980000)
  from space 1024K, 76% used [0x0000000795a80000,0x0000000795b44020,0x0000000795b80000)
  to   space 1024K, 0% used [0x0000000795980000,0x0000000795980000,0x0000000795a80000)
 ParOldGen       total 129536K, used 936K [0x0000000740000000, 0x0000000747e80000, 0x0000000795580000)
  object space 129536K, 0% used [0x0000000740000000,0x00000007400ea010,0x0000000747e80000)
 Metaspace       used 6523K, capacity 7010K, committed 7296K, reserved 1056768K
  class space    used 784K, capacity 786K, committed 896K, reserved 1048576K

Card table byte_map: [0x0000000118182000,0x0000000118583000] byte_map_base: 0x0000000114782000

Marking Bits: (ParMarkBitMap*) 0x00000001086660a0
 Begin Bits: [0x0000000119046000, 0x000000011b046000)
 End Bits:   [0x000000011b046000, 0x000000011d046000)

Polling page: 0x0000000106db7000

CodeCache: size=245760Kb used=1695Kb max_used=1695Kb free=244064Kb
 bounds [0x0000000108dc2000, 0x0000000109032000, 0x0000000117dc2000]
 total_blobs=657 nmethods=291 adapters=282
 compilation: enabled

Compilation events (10 events):
Event: 0.711 Thread 0x00007ffd9b028000  287       1       java.nio.Buffer::limit (5 bytes)
Event: 0.711 Thread 0x00007ffd9b028000 nmethod 287 0x0000000108f66f50 code [0x0000000108f670a0, 0x0000000108f671b0]
Event: 0.712 Thread 0x00007ffd9b028000  288       3       java.nio.ByteBuffer::arrayOffset (35 bytes)
Event: 0.712 Thread 0x00007ffd9b028000 nmethod 288 0x0000000108f66990 code [0x0000000108f66b20, 0x0000000108f66e18]
Event: 0.712 Thread 0x00007ffd9b028000  289       3       java.nio.Buffer::position (43 bytes)
Event: 0.712 Thread 0x00007ffd9b028000 nmethod 289 0x0000000108f664d0 code [0x0000000108f66640, 0x0000000108f668e8]
Event: 0.712 Thread 0x00007ffd9b028000  290       3       java.nio.CharBuffer::arrayOffset (35 bytes)
Event: 0.712 Thread 0x00007ffd9b028000 nmethod 290 0x0000000108f65f10 code [0x0000000108f660a0, 0x0000000108f66398]
Event: 0.714 Thread 0x00007ffd9b028000  291  s    3       java.util.Hashtable::get (69 bytes)
Event: 0.714 Thread 0x00007ffd9b028000 nmethod 291 0x0000000108f68150 code [0x0000000108f682e0, 0x0000000108f68918]

GC Heap History (10 events):
Event: 0.167 GC heap before
{Heap before GC invocations=2 (full 0):
 PSYoungGen      total 1024K, used 1008K [0x0000000795580000, 0x0000000795780000, 0x00000007c0000000)
  eden space 512K, 100% used [0x0000000795580000,0x0000000795600000,0x0000000795600000)
  from space 512K, 96% used [0x0000000795600000,0x000000079567c010,0x0000000795680000)
  to   space 512K, 0% used [0x0000000795700000,0x0000000795700000,0x0000000795780000)
 ParOldGen       total 129536K, used 8K [0x0000000740000000, 0x0000000747e80000, 0x0000000795580000)
  object space 129536K, 0% used [0x0000000740000000,0x0000000740002000,0x0000000747e80000)
 Metaspace       used 2738K, capacity 4486K, committed 4864K, reserved 1056768K
  class space    used 296K, capacity 386K, committed 512K, reserved 1048576K
Event: 0.168 GC heap after
Heap after GC invocations=2 (full 0):
 PSYoungGen      total 1536K, used 496K [0x0000000795580000, 0x0000000795780000, 0x00000007c0000000)
  eden space 1024K, 0% used [0x0000000795580000,0x0000000795580000,0x0000000795680000)
  from space 512K, 96% used [0x0000000795700000,0x000000079577c010,0x0000000795780000)
  to   space 512K, 0% used [0x0000000795680000,0x0000000795680000,0x0000000795700000)
 ParOldGen       total 129536K, used 104K [0x0000000740000000, 0x0000000747e80000, 0x0000000795580000)
  object space 129536K, 0% used [0x0000000740000000,0x000000074001a000,0x0000000747e80000)
 Metaspace       used 2738K, capacity 4486K, committed 4864K, reserved 1056768K
  class space    used 296K, capacity 386K, committed 512K, reserved 1048576K
}
Event: 0.205 GC heap before
{Heap before GC invocations=3 (full 0):
 PSYoungGen      total 1536K, used 1520K [0x0000000795580000, 0x0000000795780000, 0x00000007c0000000)
  eden space 1024K, 100% used [0x0000000795580000,0x0000000795680000,0x0000000795680000)
  from space 512K, 96% used [0x0000000795700000,0x000000079577c010,0x0000000795780000)
  to   space 512K, 0% used [0x0000000795680000,0x0000000795680000,0x0000000795700000)
 ParOldGen       total 129536K, used 104K [0x0000000740000000, 0x0000000747e80000, 0x0000000795580000)
  object space 129536K, 0% used [0x0000000740000000,0x000000074001a000,0x0000000747e80000)
 Metaspace       used 3245K, capacity 4886K, committed 5120K, reserved 1056768K
  class space    used 359K, capacity 458K, committed 512K, reserved 1048576K
Event: 0.206 GC heap after
Heap after GC invocations=3 (full 0):
 PSYoungGen      total 1536K, used 496K [0x0000000795580000, 0x0000000795880000, 0x00000007c0000000)
  eden space 1024K, 0% used [0x0000000795580000,0x0000000795580000,0x0000000795680000)
  from space 512K, 96% used [0x0000000795680000,0x00000007956fc010,0x0000000795700000)
  to   space 512K, 0% used [0x0000000795800000,0x0000000795800000,0x0000000795880000)
 ParOldGen       total 129536K, used 216K [0x0000000740000000, 0x0000000747e80000, 0x0000000795580000)
  object space 129536K, 0% used [0x0000000740000000,0x0000000740036000,0x0000000747e80000)
 Metaspace       used 3245K, capacity 4886K, committed 5120K, reserved 1056768K
  class space    used 359K, capacity 458K, committed 512K, reserved 1048576K
}
Event: 0.321 GC heap before
{Heap before GC invocations=4 (full 0):
 PSYoungGen      total 1536K, used 1520K [0x0000000795580000, 0x0000000795880000, 0x00000007c0000000)
  eden space 1024K, 100% used [0x0000000795580000,0x0000000795680000,0x0000000795680000)
  from space 512K, 96% used [0x0000000795680000,0x00000007956fc010,0x0000000795700000)
  to   space 512K, 0% used [0x0000000795800000,0x0000000795800000,0x0000000795880000)
 ParOldGen       total 129536K, used 216K [0x0000000740000000, 0x0000000747e80000, 0x0000000795580000)
  object space 129536K, 0% used [0x0000000740000000,0x0000000740036000,0x0000000747e80000)
 Metaspace       used 3902K, capacity 5302K, committed 5376K, reserved 1056768K
  class space    used 437K, capacity 490K, committed 512K, reserved 1048576K
Event: 0.322 GC heap after
Heap after GC invocations=4 (full 0):
 PSYoungGen      total 2560K, used 512K [0x0000000795580000, 0x0000000795880000, 0x00000007c0000000)
  eden space 2048K, 0% used [0x0000000795580000,0x0000000795580000,0x0000000795780000)
  from space 512K, 100% used [0x0000000795800000,0x0000000795880000,0x0000000795880000)
  to   space 512K, 0% used [0x0000000795780000,0x0000000795780000,0x0000000795800000)
 ParOldGen       total 129536K, used 296K [0x0000000740000000, 0x0000000747e80000, 0x0000000795580000)
  object space 129536K, 0% used [0x0000000740000000,0x000000074004a000,0x0000000747e80000)
 Metaspace       used 3902K, capacity 5302K, committed 5376K, reserved 1056768K
  class space    used 437K, capacity 490K, committed 512K, reserved 1048576K
}
Event: 0.626 GC heap before
{Heap before GC invocations=5 (full 0):
 PSYoungGen      total 2560K, used 2550K [0x0000000795580000, 0x0000000795880000, 0x00000007c0000000)
  eden space 2048K, 99% used [0x0000000795580000,0x000000079577d970,0x0000000795780000)
  from space 512K, 100% used [0x0000000795800000,0x0000000795880000,0x0000000795880000)
  to   space 512K, 0% used [0x0000000795780000,0x0000000795780000,0x0000000795800000)
 ParOldGen       total 129536K, used 296K [0x0000000740000000, 0x0000000747e80000, 0x0000000795580000)
  object space 129536K, 0% used [0x0000000740000000,0x000000074004a000,0x0000000747e80000)
 Metaspace       used 4726K, capacity 6070K, committed 6272K, reserved 1056768K
  class space    used 505K, capacity 554K, committed 640K, reserved 1048576K
Event: 0.627 GC heap after
Heap after GC invocations=5 (full 0):
 PSYoungGen      total 2560K, used 496K [0x0000000795580000, 0x0000000795b80000, 0x00000007c0000000)
  eden space 2048K, 0% used [0x0000000795580000,0x0000000795580000,0x0000000795780000)
  from space 512K, 96% used [0x0000000795780000,0x00000007957fc020,0x0000000795800000)
  to   space 1024K, 0% used [0x0000000795a80000,0x0000000795a80000,0x0000000795b80000)
 ParOldGen       total 129536K, used 928K [0x0000000740000000, 0x0000000747e80000, 0x0000000795580000)
  object space 129536K, 0% used [0x0000000740000000,0x00000007400e8010,0x0000000747e80000)
 Metaspace       used 4726K, capacity 6070K, committed 6272K, reserved 1056768K
  class space    used 505K, capacity 554K, committed 640K, reserved 1048576K
}
Event: 0.698 GC heap before
{Heap before GC invocations=6 (full 0):
 PSYoungGen      total 2560K, used 2529K [0x0000000795580000, 0x0000000795b80000, 0x00000007c0000000)
  eden space 2048K, 99% used [0x0000000795580000,0x000000079577c4d8,0x0000000795780000)
  from space 512K, 96% used [0x0000000795780000,0x00000007957fc020,0x0000000795800000)
  to   space 1024K, 0% used [0x0000000795a80000,0x0000000795a80000,0x0000000795b80000)
 ParOldGen       total 129536K, used 928K [0x0000000740000000, 0x0000000747e80000, 0x0000000795580000)
  object space 129536K, 0% used [0x0000000740000000,0x00000007400e8010,0x0000000747e80000)
 Metaspace       used 6280K, capacity 6942K, committed 7296K, reserved 1056768K
  class space    used 753K, capacity 786K, committed 896K, reserved 1048576K
Event: 0.700 GC heap after
Heap after GC invocations=6 (full 0):
 PSYoungGen      total 5120K, used 784K [0x0000000795580000, 0x0000000795b80000, 0x00000007c0000000)
  eden space 4096K, 0% used [0x0000000795580000,0x0000000795580000,0x0000000795980000)
  from space 1024K, 76% used [0x0000000795a80000,0x0000000795b44020,0x0000000795b80000)
  to   space 1024K, 0% used [0x0000000795980000,0x0000000795980000,0x0000000795a80000)
 ParOldGen       total 129536K, used 936K [0x0000000740000000, 0x0000000747e80000, 0x0000000795580000)
  object space 129536K, 0% used [0x0000000740000000,0x00000007400ea010,0x0000000747e80000)
 Metaspace       used 6280K, capacity 6942K, committed 7296K, reserved 1056768K
  class space    used 753K, capacity 786K, committed 896K, reserved 1048576K
}

Deoptimization events (0 events):
No events

Internal exceptions (10 events):
Event: 0.159 Thread 0x00007ffd9b00b800 Exception <a 'java/security/PrivilegedActionException'> (0x00000007955eff00) thrown at [/HUDSON/workspace/8-2-build-macosx-x86_64/jdk8/2238/hotspot/src/share/vm/prims/jvm.cpp, line 1248]
Event: 0.178 Thread 0x00007ffd9b00b800 Exception <a 'java/security/PrivilegedActionException'> (0x00000007955bb830) thrown at [/HUDSON/workspace/8-2-build-macosx-x86_64/jdk8/2238/hotspot/src/share/vm/prims/jvm.cpp, line 1248]
Event: 0.178 Thread 0x00007ffd9b00b800 Exception <a 'java/security/PrivilegedActionException'> (0x00000007955bb9e8) thrown at [/HUDSON/workspace/8-2-build-macosx-x86_64/jdk8/2238/hotspot/src/share/vm/prims/jvm.cpp, line 1248]
Event: 0.178 Thread 0x00007ffd9b00b800 Exception <a 'java/security/PrivilegedActionException'> (0x00000007955beab8) thrown at [/HUDSON/workspace/8-2-build-macosx-x86_64/jdk8/2238/hotspot/src/share/vm/prims/jvm.cpp, line 1248]
Event: 0.178 Thread 0x00007ffd9b00b800 Exception <a 'java/security/PrivilegedActionException'> (0x00000007955bec70) thrown at [/HUDSON/workspace/8-2-build-macosx-x86_64/jdk8/2238/hotspot/src/share/vm/prims/jvm.cpp, line 1248]
Event: 0.179 Thread 0x00007ffd9b00b800 Exception <a 'java/lang/NullPointerException'> (0x00000007955c0658) thrown at [/HUDSON/workspace/8-2-build-macosx-x86_64/jdk8/2238/hotspot/src/share/vm/interpreter/linkResolver.cpp, line 1169]
Event: 0.704 Thread 0x00007ffd9b880800 Exception <a 'java/security/PrivilegedActionException'> (0x000000079559b3c0) thrown at [/HUDSON/workspace/8-2-build-macosx-x86_64/jdk8/2238/hotspot/src/share/vm/prims/jvm.cpp, line 1248]
Event: 0.705 Thread 0x00007ffd9b880800 Exception <a 'java/lang/reflect/InvocationTargetException'> (0x00000007955a0ea0) thrown at [/HUDSON/workspace/8-2-build-macosx-x86_64/jdk8/2238/hotspot/src/share/vm/runtime/reflection.cpp, line 1079]
Event: 0.705 Thread 0x00007ffd9b880800 Exception <a 'java/lang/Error'> (0x000000079559fde8) thrown at [/HUDSON/workspace/8-2-build-macosx-x86_64/jdk8/2238/hotspot/src/share/vm/prims/jni.cpp, line 716]
Event: 0.710 Thread 0x00007ffd9b00b800 Exception <a 'java/lang/reflect/InvocationTargetException'> (0x00000007955c4370) thrown at [/HUDSON/workspace/8-2-build-macosx-x86_64/jdk8/2238/hotspot/src/share/vm/runtime/reflection.cpp, line 1079]

Events (10 events):
Event: 0.715 loading class java/util/Formatter$Flags done
Event: 0.715 loading class java/util/Formatter$Conversion
Event: 0.715 loading class java/util/Formatter$Conversion done
Event: 0.715 loading class java/util/Formattable
Event: 0.715 loading class java/util/Formattable done
Event: 0.715 loading class java/lang/Shutdown
Event: 0.715 loading class java/lang/Shutdown done
Event: 0.715 loading class java/lang/Shutdown$Lock
Event: 0.715 loading class java/lang/Shutdown$Lock done
Event: 0.716 Executing VM operation: Exit


Dynamic libraries:
0x000000000933e000 	/System/Library/Frameworks/Cocoa.framework/Versions/A/Cocoa
0x000000000933e000 	/System/Library/Frameworks/Security.framework/Versions/A/Security
0x000000000933e000 	/System/Library/Frameworks/ApplicationServices.framework/Versions/A/ApplicationServices
0x000000000933e000 	/usr/lib/libz.1.dylib
0x000000000933e000 	/usr/lib/libSystem.B.dylib
0x000000000933e000 	/usr/lib/libobjc.A.dylib
0x000000000933e000 	/System/Library/Frameworks/CoreFoundation.framework/Versions/A/CoreFoundation
0x000000000933e000 	/System/Library/Frameworks/Foundation.framework/Versions/C/Foundation
0x000000000933e000 	/System/Library/Frameworks/AppKit.framework/Versions/C/AppKit
0x000000000933e000 	/System/Library/Frameworks/CoreData.framework/Versions/A/CoreData
0x000000000933e000 	/System/Library/PrivateFrameworks/RemoteViewServices.framework/Versions/A/RemoteViewServices
0x000000000933e000 	/System/Library/PrivateFrameworks/UIFoundation.framework/Versions/A/UIFoundation
0x000000000933e000 	/System/Library/Frameworks/IOSurface.framework/Versions/A/IOSurface
0x000000000933e000 	/System/Library/Frameworks/AudioToolbox.framework/Versions/A/AudioToolbox
0x000000000933e000 	/System/Library/Frameworks/AudioUnit.framework/Versions/A/AudioUnit
0x000000000933e000 	/System/Library/PrivateFrameworks/DataDetectorsCore.framework/Versions/A/DataDetectorsCore
0x000000000933e000 	/System/Library/PrivateFrameworks/DesktopServicesPriv.framework/Versions/A/DesktopServicesPriv
0x000000000933e000 	/System/Library/Frameworks/Carbon.framework/Versions/A/Frameworks/HIToolbox.framework/Versions/A/HIToolbox
0x000000000933e000 	/System/Library/Frameworks/QuartzCore.framework/Versions/A/QuartzCore
0x000000000933e000 	/System/Library/Frameworks/Carbon.framework/Versions/A/Frameworks/SpeechRecognition.framework/Versions/A/SpeechRecognition
0x000000000933e000 	/usr/lib/libauto.dylib
0x000000000933e000 	/usr/lib/libicucore.A.dylib
0x000000000933e000 	/usr/lib/libxml2.2.dylib
0x000000000933e000 	/System/Library/PrivateFrameworks/CoreUI.framework/Versions/A/CoreUI
0x000000000933e000 	/System/Library/Frameworks/CoreAudio.framework/Versions/A/CoreAudio
0x000000000933e000 	/System/Library/Frameworks/DiskArbitration.framework/Versions/A/DiskArbitration
0x000000000933e000 	/usr/lib/liblangid.dylib
0x000000000933e000 	/System/Library/PrivateFrameworks/MultitouchSupport.framework/Versions/A/MultitouchSupport
0x000000000933e000 	/System/Library/Frameworks/IOKit.framework/Versions/A/IOKit
0x000000000933e000 	/usr/lib/libDiagnosticMessagesClient.dylib
0x000000000933e000 	/System/Library/Frameworks/CoreServices.framework/Versions/A/CoreServices
0x000000000933e000 	/System/Library/PrivateFrameworks/PerformanceAnalysis.framework/Versions/A/PerformanceAnalysis
0x000000000933e000 	/System/Library/PrivateFrameworks/GenerationalStorage.framework/Versions/A/GenerationalStorage
0x000000000933e000 	/System/Library/Frameworks/OpenGL.framework/Versions/A/OpenGL
0x000000000933e000 	/System/Library/PrivateFrameworks/Sharing.framework/Versions/A/Sharing
0x000000000933e000 	/System/Library/Frameworks/CoreGraphics.framework/Versions/A/CoreGraphics
0x000000000933e000 	/System/Library/Frameworks/CoreText.framework/Versions/A/CoreText
0x000000000933e000 	/System/Library/Frameworks/ImageIO.framework/Versions/A/ImageIO
0x000000000933e000 	/usr/lib/libextension.dylib
0x000000000933e000 	/System/Library/PrivateFrameworks/Backup.framework/Versions/A/Backup
0x000000000933e000 	/usr/lib/libarchive.2.dylib
0x000000000933e000 	/System/Library/Frameworks/CFNetwork.framework/Versions/A/CFNetwork
0x000000000933e000 	/System/Library/Frameworks/SystemConfiguration.framework/Versions/A/SystemConfiguration
0x000000000933e000 	/usr/lib/libCRFSuite.dylib
0x000000000933e000 	/usr/lib/libc++.1.dylib
0x000000000933e000 	/usr/lib/libc++abi.dylib
0x000000000933e000 	/usr/lib/system/libcache.dylib
0x000000000933e000 	/usr/lib/system/libcommonCrypto.dylib
0x000000000933e000 	/usr/lib/system/libcompiler_rt.dylib
0x000000000933e000 	/usr/lib/system/libcopyfile.dylib
0x000000000933e000 	/usr/lib/system/libcorecrypto.dylib
0x000000000933e000 	/usr/lib/system/libdispatch.dylib
0x000000000933e000 	/usr/lib/system/libdyld.dylib
0x000000000933e000 	/usr/lib/system/libkeymgr.dylib
0x000000000933e000 	/usr/lib/system/liblaunch.dylib
0x000000000933e000 	/usr/lib/system/libmacho.dylib
0x000000000933e000 	/usr/lib/system/libquarantine.dylib
0x000000000933e000 	/usr/lib/system/libremovefile.dylib
0x000000000933e000 	/usr/lib/system/libsystem_asl.dylib
0x000000000933e000 	/usr/lib/system/libsystem_blocks.dylib
0x000000000933e000 	/usr/lib/system/libsystem_c.dylib
0x000000000933e000 	/usr/lib/system/libsystem_configuration.dylib
0x000000000933e000 	/usr/lib/system/libsystem_coreservices.dylib
0x000000000933e000 	/usr/lib/system/libsystem_coretls.dylib
0x000000000933e000 	/usr/lib/system/libsystem_dnssd.dylib
0x000000000933e000 	/usr/lib/system/libsystem_info.dylib
0x000000000933e000 	/usr/lib/system/libsystem_kernel.dylib
0x000000000933e000 	/usr/lib/system/libsystem_m.dylib
0x000000000933e000 	/usr/lib/system/libsystem_malloc.dylib
0x000000000933e000 	/usr/lib/system/libsystem_network.dylib
0x000000000933e000 	/usr/lib/system/libsystem_networkextension.dylib
0x000000000933e000 	/usr/lib/system/libsystem_notify.dylib
0x000000000933e000 	/usr/lib/system/libsystem_platform.dylib
0x000000000933e000 	/usr/lib/system/libsystem_pthread.dylib
0x000000000933e000 	/usr/lib/system/libsystem_sandbox.dylib
0x000000000933e000 	/usr/lib/system/libsystem_secinit.dylib
0x000000000933e000 	/usr/lib/system/libsystem_stats.dylib
0x000000000933e000 	/usr/lib/system/libsystem_trace.dylib
0x000000000933e000 	/usr/lib/system/libunc.dylib
0x000000000933e000 	/usr/lib/system/libunwind.dylib
0x000000000933e000 	/usr/lib/system/libxpc.dylib
0x000000000933e000 	/usr/lib/libbz2.1.0.dylib
0x000000000933e000 	/usr/lib/liblzma.5.dylib
0x000000000933e000 	/usr/lib/libbsm.0.dylib
0x000000000933e000 	/usr/lib/libsqlite3.dylib
0x000000000933e000 	/usr/lib/system/libkxld.dylib
0x000000000933e000 	/usr/lib/libxar.1.dylib
0x000000000933e000 	/usr/lib/libpam.2.dylib
0x000000000933e000 	/usr/lib/libOpenScriptingUtil.dylib
0x000000000933e000 	/System/Library/Frameworks/CoreServices.framework/Versions/A/Frameworks/FSEvents.framework/Versions/A/FSEvents
0x000000000933e000 	/System/Library/Frameworks/CoreServices.framework/Versions/A/Frameworks/CarbonCore.framework/Versions/A/CarbonCore
0x000000000933e000 	/System/Library/Frameworks/CoreServices.framework/Versions/A/Frameworks/Metadata.framework/Versions/A/Metadata
0x000000000933e000 	/System/Library/Frameworks/CoreServices.framework/Versions/A/Frameworks/OSServices.framework/Versions/A/OSServices
0x000000000933e000 	/System/Library/Frameworks/CoreServices.framework/Versions/A/Frameworks/SearchKit.framework/Versions/A/SearchKit
0x000000000933e000 	/System/Library/Frameworks/CoreServices.framework/Versions/A/Frameworks/AE.framework/Versions/A/AE
0x000000000933e000 	/System/Library/Frameworks/CoreServices.framework/Versions/A/Frameworks/LaunchServices.framework/Versions/A/LaunchServices
0x000000000933e000 	/System/Library/Frameworks/CoreServices.framework/Versions/A/Frameworks/DictionaryServices.framework/Versions/A/DictionaryServices
0x000000000933e000 	/System/Library/Frameworks/NetFS.framework/Versions/A/NetFS
0x000000000933e000 	/System/Library/PrivateFrameworks/NetAuth.framework/Versions/A/NetAuth
0x000000000933e000 	/System/Library/PrivateFrameworks/login.framework/Versions/A/Frameworks/loginsupport.framework/Versions/A/loginsupport
0x000000000933e000 	/System/Library/PrivateFrameworks/TCC.framework/Versions/A/TCC
0x000000000933e000 	/usr/lib/libmecabra.dylib
0x000000000933e000 	/System/Library/Frameworks/ApplicationServices.framework/Versions/A/Frameworks/ATS.framework/Versions/A/ATS
0x000000000933e000 	/System/Library/Frameworks/ApplicationServices.framework/Versions/A/Frameworks/ColorSync.framework/Versions/A/ColorSync
0x000000000933e000 	/System/Library/Frameworks/ApplicationServices.framework/Versions/A/Frameworks/HIServices.framework/Versions/A/HIServices
0x000000000933e000 	/System/Library/Frameworks/ApplicationServices.framework/Versions/A/Frameworks/LangAnalysis.framework/Versions/A/LangAnalysis
0x000000000933e000 	/System/Library/Frameworks/ApplicationServices.framework/Versions/A/Frameworks/PrintCore.framework/Versions/A/PrintCore
0x000000000933e000 	/System/Library/Frameworks/ApplicationServices.framework/Versions/A/Frameworks/QD.framework/Versions/A/QD
0x000000000933e000 	/System/Library/Frameworks/ApplicationServices.framework/Versions/A/Frameworks/SpeechSynthesis.framework/Versions/A/SpeechSynthesis
0x000000000933e000 	/System/Library/Frameworks/Accelerate.framework/Versions/A/Accelerate
0x000000000933e000 	/System/Library/Frameworks/Accelerate.framework/Versions/A/Frameworks/vImage.framework/Versions/A/vImage
0x000000000933e000 	/System/Library/Frameworks/Accelerate.framework/Versions/A/Frameworks/vecLib.framework/Versions/A/vecLib
0x000000000933e000 	/System/Library/Frameworks/Accelerate.framework/Versions/A/Frameworks/vecLib.framework/Versions/A/libvDSP.dylib
0x000000000933e000 	/System/Library/Frameworks/Accelerate.framework/Versions/A/Frameworks/vecLib.framework/Versions/A/libvMisc.dylib
0x000000000933e000 	/System/Library/Frameworks/Accelerate.framework/Versions/A/Frameworks/vecLib.framework/Versions/A/libLAPACK.dylib
0x000000000933e000 	/System/Library/Frameworks/Accelerate.framework/Versions/A/Frameworks/vecLib.framework/Versions/A/libBLAS.dylib
0x000000000933e000 	/System/Library/Frameworks/Accelerate.framework/Versions/A/Frameworks/vecLib.framework/Versions/A/libLinearAlgebra.dylib
0x000000000933e000 	/System/Library/Frameworks/ApplicationServices.framework/Versions/A/Frameworks/ATS.framework/Versions/A/Resources/libFontParser.dylib
0x000000000933e000 	/System/Library/Frameworks/ApplicationServices.framework/Versions/A/Frameworks/ATS.framework/Versions/A/Resources/libFontRegistry.dylib
0x000000000933e000 	/System/Library/PrivateFrameworks/AppleVPA.framework/Versions/A/AppleVPA
0x000000000933e000 	/System/Library/PrivateFrameworks/AppleJPEG.framework/Versions/A/AppleJPEG
0x000000000933e000 	/System/Library/Frameworks/ImageIO.framework/Versions/A/Resources/libJPEG.dylib
0x000000000933e000 	/System/Library/Frameworks/ImageIO.framework/Versions/A/Resources/libTIFF.dylib
0x000000000933e000 	/System/Library/Frameworks/ImageIO.framework/Versions/A/Resources/libPng.dylib
0x000000000933e000 	/System/Library/Frameworks/ImageIO.framework/Versions/A/Resources/libGIF.dylib
0x000000000933e000 	/System/Library/Frameworks/ImageIO.framework/Versions/A/Resources/libJP2.dylib
0x000000000933e000 	/System/Library/Frameworks/ImageIO.framework/Versions/A/Resources/libRadiance.dylib
0x000000000933e000 	/System/Library/Frameworks/CoreVideo.framework/Versions/A/CoreVideo
0x000000000933e000 	/System/Library/Frameworks/OpenGL.framework/Versions/A/Libraries/libGLU.dylib
0x000000000933e000 	/System/Library/Frameworks/OpenGL.framework/Versions/A/Libraries/libGFXShared.dylib
0x000000000933e000 	/System/Library/Frameworks/OpenGL.framework/Versions/A/Libraries/libGL.dylib
0x000000000933e000 	/System/Library/Frameworks/OpenGL.framework/Versions/A/Libraries/libGLImage.dylib
0x000000000933e000 	/System/Library/Frameworks/OpenGL.framework/Versions/A/Libraries/libCVMSPluginSupport.dylib
0x000000000933e000 	/System/Library/Frameworks/OpenGL.framework/Versions/A/Libraries/libCoreVMClient.dylib
0x000000000933e000 	/usr/lib/libcups.2.dylib
0x000000000933e000 	/System/Library/Frameworks/Kerberos.framework/Versions/A/Kerberos
0x000000000933e000 	/System/Library/Frameworks/GSS.framework/Versions/A/GSS
0x000000000933e000 	/usr/lib/libresolv.9.dylib
0x000000000933e000 	/usr/lib/libiconv.2.dylib
0x000000000933e000 	/System/Library/PrivateFrameworks/Heimdal.framework/Versions/A/Heimdal
0x000000000933e000 	/usr/lib/libheimdal-asn1.dylib
0x000000000933e000 	/System/Library/Frameworks/OpenDirectory.framework/Versions/A/OpenDirectory
0x000000000933e000 	/System/Library/PrivateFrameworks/CommonAuth.framework/Versions/A/CommonAuth
0x000000000933e000 	/System/Library/Frameworks/OpenDirectory.framework/Versions/A/Frameworks/CFOpenDirectory.framework/Versions/A/CFOpenDirectory
0x000000000933e000 	/System/Library/Frameworks/SecurityFoundation.framework/Versions/A/SecurityFoundation
0x000000000933e000 	/System/Library/PrivateFrameworks/LanguageModeling.framework/Versions/A/LanguageModeling
0x000000000933e000 	/usr/lib/libcmph.dylib
0x000000000933e000 	/System/Library/Frameworks/ServiceManagement.framework/Versions/A/ServiceManagement
0x000000000933e000 	/usr/lib/libxslt.1.dylib
0x000000000933e000 	/System/Library/Frameworks/Carbon.framework/Versions/A/Frameworks/Ink.framework/Versions/A/Ink
0x000000000933e000 	/System/Library/Frameworks/QuartzCore.framework/Versions/A/Frameworks/CoreImage.framework/Versions/A/CoreImage
0x000000000933e000 	/System/Library/PrivateFrameworks/CrashReporterSupport.framework/Versions/A/CrashReporterSupport
0x000000000933e000 	/System/Library/Frameworks/OpenCL.framework/Versions/A/OpenCL
0x000000000933e000 	/System/Library/PrivateFrameworks/FaceCore.framework/Versions/A/FaceCore
0x000000000933e000 	/System/Library/PrivateFrameworks/Ubiquity.framework/Versions/A/Ubiquity
0x000000000933e000 	/System/Library/PrivateFrameworks/IconServices.framework/Versions/A/IconServices
0x000000000933e000 	/System/Library/PrivateFrameworks/ChunkingLibrary.framework/Versions/A/ChunkingLibrary
0x000000000933e000 	/System/Library/PrivateFrameworks/Apple80211.framework/Versions/A/Apple80211
0x000000000933e000 	/System/Library/Frameworks/CoreWLAN.framework/Versions/A/CoreWLAN
0x000000000933e000 	/System/Library/Frameworks/IOBluetooth.framework/Versions/A/IOBluetooth
0x000000000933e000 	/System/Library/PrivateFrameworks/CoreWiFi.framework/Versions/A/CoreWiFi
0x000000000933e000 	/System/Library/Frameworks/CoreBluetooth.framework/Versions/A/CoreBluetooth
0x000000000933e000 	/System/Library/PrivateFrameworks/DebugSymbols.framework/Versions/A/DebugSymbols
0x000000000933e000 	/System/Library/PrivateFrameworks/CoreSymbolication.framework/Versions/A/CoreSymbolication
0x000000000933e000 	/System/Library/PrivateFrameworks/Symbolication.framework/Versions/A/Symbolication
0x000000000933e000 	/System/Library/PrivateFrameworks/SpeechRecognitionCore.framework/Versions/A/SpeechRecognitionCore
0x0000000107e00000 	/Library/Java/JavaVirtualMachines/jdk1.8.0.jdk/Contents/Home/jre/lib/server/libjvm.dylib
0x000000000933e000 	/usr/lib/libstdc++.6.dylib
0x0000000106d75000 	/Library/Java/JavaVirtualMachines/jdk1.8.0.jdk/Contents/Home/jre/lib/libverify.dylib
0x0000000106d83000 	/Library/Java/JavaVirtualMachines/jdk1.8.0.jdk/Contents/Home/jre/lib/libjava.dylib
0x0000000106dc1000 	/Library/Java/JavaVirtualMachines/jdk1.8.0.jdk/Contents/Home/jre/lib/libzip.dylib
0x000000011fe99000 	/System/Library/Frameworks/JavaVM.framework/Frameworks/JavaRuntimeSupport.framework/JavaRuntimeSupport
0x000000011feb1000 	/System/Library/Frameworks/JavaVM.framework/Versions/A/Frameworks/JavaNativeFoundation.framework/Versions/A/JavaNativeFoundation
0x0000000106df3000 	/System/Library/Frameworks/JavaVM.framework/Versions/A/JavaVM
0x000000000933e000 	/System/Library/Frameworks/Carbon.framework/Versions/A/Carbon
0x000000011fec6000 	/System/Library/PrivateFrameworks/JavaLaunching.framework/Versions/A/JavaLaunching
0x000000000933e000 	/System/Library/Frameworks/Carbon.framework/Versions/A/Frameworks/CommonPanels.framework/Versions/A/CommonPanels
0x000000000933e000 	/System/Library/Frameworks/Carbon.framework/Versions/A/Frameworks/Help.framework/Versions/A/Help
0x000000000933e000 	/System/Library/Frameworks/Carbon.framework/Versions/A/Frameworks/ImageCapture.framework/Versions/A/ImageCapture
0x000000000933e000 	/System/Library/Frameworks/Carbon.framework/Versions/A/Frameworks/OpenScripting.framework/Versions/A/OpenScripting
0x000000000933e000 	/System/Library/Frameworks/Carbon.framework/Versions/A/Frameworks/Print.framework/Versions/A/Print
0x000000000933e000 	/System/Library/Frameworks/Carbon.framework/Versions/A/Frameworks/SecurityHI.framework/Versions/A/SecurityHI
0x0000000121fcd000 	/Library/Java/JavaVirtualMachines/jdk1.8.0.jdk/Contents/Home/jre/lib/libprism_es2.dylib
0x000000000933e000 	/System/Library/Frameworks/OpenGL.framework/Versions/A/Resources/GLEngine.bundle/GLEngine
0x000000000933e000 	/System/Library/Frameworks/OpenGL.framework/Versions/A/Libraries/libGLProgrammability.dylib
0x0000000000000000 	/System/Library/Extensions/AppleIntelHD3000GraphicsGLDriver.bundle/Contents/MacOS/AppleIntelHD3000GraphicsGLDriver
0x000000012204a000 	/System/Library/PrivateFrameworks/GPUSupport.framework/Versions/A/Libraries/libGPUSupport.dylib
0x0000000000000000 	/System/Library/Extensions/AMDRadeonX3000GLDriver.bundle/Contents/MacOS/AMDRadeonX3000GLDriver
0x000000000933e000 	/System/Library/PrivateFrameworks/IOAccelerator.framework/Versions/A/IOAccelerator
0x000000000933e000 	/System/Library/PrivateFrameworks/GPUSupport.framework/Versions/A/Libraries/libGPUSupportMercury.dylib
0x000000000933e000 	/System/Library/Frameworks/OpenGL.framework/Versions/A/Resources/GLRendererFloat.bundle/GLRendererFloat
0x000000000933e000 	/System/Library/Frameworks/OpenCL.framework/Versions/A/Libraries/libcldcpuengine.dylib
0x000000000933e000 	/System/Library/PrivateFrameworks/DiskImages.framework/Versions/A/DiskImages
0x000000000933e000 	/System/Library/Frameworks/DiscRecording.framework/Versions/A/DiscRecording
0x000000000933e000 	/usr/lib/libcsfde.dylib
0x000000000933e000 	/usr/lib/libcurl.4.dylib
0x000000000933e000 	/System/Library/PrivateFrameworks/MediaKit.framework/Versions/A/MediaKit
0x000000000933e000 	/System/Library/PrivateFrameworks/ProtectedCloudStorage.framework/Versions/A/ProtectedCloudStorage
0x000000000933e000 	/usr/lib/libCoreStorage.dylib
0x000000000933e000 	/System/Library/PrivateFrameworks/EFILogin.framework/Versions/A/EFILogin
0x000000000933e000 	/usr/lib/libutil.dylib
0x000000000933e000 	/System/Library/PrivateFrameworks/FindMyDevice.framework/Versions/A/FindMyDevice
0x000000000933e000 	/System/Library/Frameworks/LDAP.framework/Versions/A/LDAP
0x000000000933e000 	/usr/lib/libsasl2.2.dylib
0x000000000933e000 	/System/Library/PrivateFrameworks/CoreDaemon.framework/Versions/B/CoreDaemon
0x000000000933e000 	/usr/lib/libcrypto.0.9.8.dylib
0x000000000933e000 	/System/Library/PrivateFrameworks/AppleSRP.framework/Versions/A/AppleSRP
0x000000000933e000 	/System/Library/PrivateFrameworks/TrustEvaluationAgent.framework/Versions/A/TrustEvaluationAgent
0x000000012263f000 	/Library/Java/JavaVirtualMachines/jdk1.8.0.jdk/Contents/Home/jre/lib/libglass.dylib
0x000000000933e000 	/System/Library/PrivateFrameworks/CoreServicesInternal.framework/Versions/A/CoreServicesInternal
0x000000000933e000 	/System/Library/PrivateFrameworks/CloudDocs.framework/Versions/A/CloudDocs
0x000000000933e000 	/System/Library/PrivateFrameworks/CoreDuet.framework/Versions/A/CoreDuet
0x000000000933e000 	/System/Library/Frameworks/CloudKit.framework/Versions/A/CloudKit
0x000000000933e000 	/System/Library/PrivateFrameworks/ProtocolBuffer.framework/Versions/A/ProtocolBuffer
0x000000000933e000 	/System/Library/PrivateFrameworks/CoreDuetDaemonProtocol.framework/Versions/A/CoreDuetDaemonProtocol
0x000000000933e000 	/System/Library/PrivateFrameworks/CoreDuetDebugLogging.framework/Versions/A/CoreDuetDebugLogging
0x000000000933e000 	/System/Library/Frameworks/CoreLocation.framework/Versions/A/CoreLocation
0x000000000933e000 	/System/Library/Frameworks/Accounts.framework/Versions/A/Accounts
0x000000000933e000 	/System/Library/PrivateFrameworks/ApplePushService.framework/Versions/A/ApplePushService
0x000000000933e000 	/System/Library/PrivateFrameworks/GeoServices.framework/Versions/A/GeoServices
0x000000000933e000 	/System/Library/PrivateFrameworks/OAuth.framework/Versions/A/OAuth
0x000000000933e000 	/System/Library/Frameworks/CoreGraphics.framework/Versions/A/Resources/libCGCMS.A.dylib
0x0000000123c2d000 	/System/Library/CoreServices/RawCamera.bundle/Contents/MacOS/RawCamera
0x000000000933e000 	/System/Library/Frameworks/CoreGraphics.framework/Versions/A/Resources/libRIP.A.dylib
0x000000000933e000 	/System/Library/PrivateFrameworks/FamilyControls.framework/Versions/A/FamilyControls
0x000000000933e000 	/System/Library/PrivateFrameworks/CommerceKit.framework/Versions/A/Frameworks/CommerceCore.framework/Versions/A/CommerceCore
0x000000000933e000 	/System/Library/PrivateFrameworks/SystemAdministration.framework/Versions/A/SystemAdministration
0x000000000933e000 	/System/Library/PrivateFrameworks/AppContainer.framework/Versions/A/AppContainer
0x000000000933e000 	/System/Library/PrivateFrameworks/SecCodeWrapper.framework/Versions/A/SecCodeWrapper
0x000000000933e000 	/System/Library/Frameworks/DirectoryService.framework/Versions/A/DirectoryService
0x000000000933e000 	/System/Library/PrivateFrameworks/LoginUIKit.framework/Versions/A/Frameworks/LoginUICore.framework/Versions/A/LoginUICore
0x000000000933e000 	/usr/lib/libodfde.dylib

VM Arguments:
jvm_args: -Dfile.encoding=UTF-8 
java_command: GUI.Main
java_class_path (initial): /Users/grahamempey/GitHub/DatabaseCheckers/bin:/Applications/eclipse/plugins/org.eclipse.fx.ide.css.jfx8_1.1.0.201411050807.jar
Launcher Type: SUN_STANDARD

Environment Variables:
PATH=/usr/bin:/bin:/usr/sbin:/sbin
SHELL=/bin/bash
DISPLAY=/private/tmp/com.apple.launchd.H8e0rtX7jw/org.macosforge.xquartz:0

Signal Handlers:
SIGSEGV: [libjvm.dylib+0x55faef], sa_mask[0]=0xfffefeff, sa_flags=0x00000043
SIGBUS: [libjvm.dylib+0x55faef], sa_mask[0]=0xfffefeff, sa_flags=0x00000042
SIGFPE: [libjvm.dylib+0x44305a], sa_mask[0]=0xfffefeff, sa_flags=0x00000042
SIGPIPE: [libjvm.dylib+0x44305a], sa_mask[0]=0xfffefeff, sa_flags=0x00000042
SIGXFSZ: [libjvm.dylib+0x44305a], sa_mask[0]=0xfffefeff, sa_flags=0x00000042
SIGILL: [libjvm.dylib+0x44305a], sa_mask[0]=0xfffefeff, sa_flags=0x00000042
SIGUSR1: SIG_DFL, sa_mask[0]=0x00000000, sa_flags=0x00000000
SIGUSR2: [libjvm.dylib+0x442b78], sa_mask[0]=0x00000004, sa_flags=0x00000042
SIGHUP: [libjvm.dylib+0x440f05], sa_mask[0]=0xfffefeff, sa_flags=0x00000042
SIGINT: [libjvm.dylib+0x440f05], sa_mask[0]=0xfffefeff, sa_flags=0x00000042
SIGTERM: [libjvm.dylib+0x440f05], sa_mask[0]=0xfffefeff, sa_flags=0x00000042
SIGQUIT: [libjvm.dylib+0x440f05], sa_mask[0]=0xfffefeff, sa_flags=0x00000042


---------------  S Y S T E M  ---------------

OS:Bsduname:Darwin 14.1.0 Darwin Kernel Version 14.1.0: Mon Dec 22 23:10:38 PST 2014; root:xnu-2782.10.72~2/RELEASE_X86_64 x86_64
rlimit: STACK 8192k, CORE 0k, NPROC 709, NOFILE 10240, AS infinity
load average:1.55 1.69 1.80

CPU:total 8 (4 cores per cpu, 2 threads per core) family 6 model 42 stepping 7, cmov, cx8, fxsr, mmx, sse, sse2, sse3, ssse3, sse4.1, sse4.2, popcnt, avx, aes, clmul, ht, tsc, tscinvbit

Memory: 4k page, physical 8388608k(17064k free)

/proc/meminfo:


vm_info: Java HotSpot(TM) 64-Bit Server VM (25.0-b70) for bsd-amd64 JRE (1.8.0-b132), built on Mar  4 2014 03:11:43 by "java_re" with gcc 4.2.1 (Based on Apple Inc. build 5658) (LLVM build 2336.11.00)

time: Fri Apr  3 14:31:35 2015
elapsed time: 1 seconds

