#
# A fatal error has been detected by the Java Runtime Environment:
#
#  SIGSEGV (0xb) at pc=0x000000011ef47173, pid=59056, tid=1811
#
# JRE version: Java(TM) SE Runtime Environment (8.0-b132) (build 1.8.0-b132)
# Java VM: Java HotSpot(TM) 64-Bit Server VM (25.0-b70 mixed mode bsd-amd64 compressed oops)
# Problematic frame:
# C  [libglass.dylib+0x1b173]  GlassScreenDidChangeScreenParameters+0x53
#
# Failed to write core dump. Core dumps have been disabled. To enable core dumping, try "ulimit -c unlimited" before starting Java again
#
# If you would like to submit a bug report, please visit:
#   http://bugreport.sun.com/bugreport/crash.jsp
#

---------------  T H R E A D  ---------------

Current thread is native thread

siginfo:si_signo=SIGSEGV: si_errno=0, si_code=1 (SEGV_MAPERR), si_addr=0x0000000000000000

Registers:
RAX=0x00007faba244deb8, RBX=0x0000000000000000, RCX=0x000000011ef79910, RDX=0x00007fff7b71b1f8
RSP=0x00007fff5c6b00f0, RBP=0x00007fff5c6b0100, RSI=0x00007faba25042d0, RDI=0x0000000000000000
R8 =0x00007fff5c6affa0, R9 =0x00007fff7ae0f300, R10=0x0000000000000000, R11=0x0000000000000246
R12=0x00007faba250dac0, R13=0x00000000000f4268, R14=0x00007faba247e6b0, R15=0x00007fff5c6b0240
RIP=0x000000011ef47173, EFLAGS=0x0000000000010206, ERR=0x0000000000000004
  TRAPNO=0x000000000000000e

Top of Stack: (sp=0x00007fff5c6b00f0)
0x00007fff5c6b00f0:   00007fff5c6b0100 00007fff5c6b02d0
0x00007fff5c6b0100:   00007fff5c6b0110 00007fff8d229cdc
0x00007fff5c6b0110:   00007fff5c6b0470 00007fff8d11b244
0x00007fff5c6b0120:   00007fff5c6b0170 0000000000004600
0x00007fff5c6b0130:   00007fff79d85cf0 00007faba270ac80
0x00007fff5c6b0140:   0000000000001007 0000000000000288
0x00007fff5c6b0150:   00007faba270ac80 00007faba247e6b0
0x00007fff5c6b0160:   0000000000000000 00007fff5c6b0240
0x00007fff5c6b0170:   0000000000000000 00007faba247e670
0x00007fff5c6b0180:   00007fff5c6b02c0 000000000000001b
0x00007fff5c6b0190:   00000000000f4287 00007faba4804670
0x00007fff5c6b01a0:   00007faba26175e0 00007faba250dac0
0x00007fff5c6b01b0:   0000000000000001 00000000000f4268
0x00007fff5c6b01c0:   00007faba250dab0 00007fff95ae7acb
0x00007fff5c6b01d0:   0000000000000001 0000000000000001
0x00007fff5c6b01e0:   0000000000000030 0000000000000001
0x00007fff5c6b01f0:   00007fff5c6b0210 00007fff95aed231
0x00007fff5c6b0200:   00007fff79d83dd0 0000000000000000
0x00007fff5c6b0210:   00007fff5c6b0230 0000000000000006
0x00007fff5c6b0220:   0000330395ae753e 00007faba250dae4
0x00007fff5c6b0230:   0000000000000000 00007fff8d110d1f
0x00007fff5c6b0240:   00007faba247e6b0 00007fff79d83dd0
0x00007fff5c6b0250:   00007fff5c6b02d0 0000000000000003
0x00007fff5c6b0260:   00007fff5c6b02a0 00007fff95ae753e
0x00007fff5c6b0270:   000000010356aa00 0000000000000002
0x00007fff5c6b0280:   0000000103567000 00007faba4802fe2
0x00007fff5c6b0290:   0000000000000003 000000010356f000
0x00007fff5c6b02a0:   00007fff5c6b0390 00007fff95ae62a2
0x00007fff5c6b02b0:   00007faba2529900 00007fff5c6b0478
0x00007fff5c6b02c0:   0000000000000017 0000000000000000
0x00007fff5c6b02d0:   00000000000f4268 00007fff8d111013
0x00007fff5c6b02e0:   00007fff00000000 00007faba252e670 

Instructions: (pc=0x000000011ef47173)
0x000000011ef47153:   50 01 00 48 89 df ff 90 88 03 00 00 48 8d 0d a2
0x000000011ef47163:   28 03 00 48 89 01 48 8d 0d a0 27 03 00 48 8b 31
0x000000011ef47173:   48 8b 0b 48 89 df 48 89 c2 30 c0 ff 91 68 04 00
0x000000011ef47183:   00 48 83 c4 08 5b 5d c3 0f 1f 44 00 00 55 48 89 

Register to memory mapping:

RAX=0x00007faba244deb8 is an unknown value
RBX=0x0000000000000000 is an unknown value
RCX=0x000000011ef79910: jScreenClass+0 in /Library/Java/JavaVirtualMachines/jdk1.8.0.jdk/Contents/Home/jre/lib/libglass.dylib at 0x000000011ef2c000
RDX=0x00007fff7b71b1f8: __sFX+0x1c8 in /usr/lib/system/libsystem_c.dylib at 0x00007fff97daf000
RSP=0x00007fff5c6b00f0 is an unknown value
RBP=0x00007fff5c6b0100 is an unknown value
RSI=0x00007faba25042d0 is a global jni handle
RDI=0x0000000000000000 is an unknown value
R8 =0x00007fff5c6affa0 is an unknown value
R9 =0x00007fff7ae0f300: _thread+0 in /usr/lib/system/libsystem_pthread.dylib at 0x00007fff93a3e000
R10=0x0000000000000000 is an unknown value
R11=0x0000000000000246 is an unknown value
R12=0x00007faba250dac0 is an unknown value
R13=0x00000000000f4268 is an unknown value
R14=0x00007faba247e6b0 is an unknown value
R15=0x00007fff5c6b0240 is an unknown value


Stack: [0x00007fff5beb3000,0x00007fff5c6b3000],  sp=0x00007fff5c6b00f0,  free space=8180k
Native frames: (J=compiled Java code, j=interpreted, Vv=VM code, C=native code)
C  [libglass.dylib+0x1b173]  GlassScreenDidChangeScreenParameters+0x53
C  [CoreFoundation+0x11ecdc]  __CFNOTIFICATIONCENTER_IS_CALLING_OUT_TO_AN_OBSERVER__+0xc
C  [CoreFoundation+0x10244]  _CFXNotificationPost+0xc44
C  [Foundation+0x2c31]  -[NSNotificationCenter postNotificationName:object:userInfo:]+0x42
C  [AppKit+0x36305e]  -[NSApplication _reactToScreenInvalidationImmediately:]+0x17b
C  [AppKit+0x362e9d]  __44-[NSApplication _reactToScreenInvalidation:]_block_invoke+0x4b
C  [CoreFoundation+0x8056c]  __CFRUNLOOP_IS_CALLING_OUT_TO_A_BLOCK__+0xc
C  [CoreFoundation+0x72675]  __CFRunLoopDoBlocks+0x155
C  [CoreFoundation+0x721b6]  __CFRunLoopRun+0x716
C  [CoreFoundation+0x71858]  CFRunLoopRunSpecific+0x128
C  [java+0x56db]  CreateExecutionEnvironment+0x367
C  [java+0x167c]  JLI_Launch+0x7a0
C  [java+0x7699]  main+0x65
C  [java+0xed4]  start+0x34


---------------  P R O C E S S  ---------------

VM state:at safepoint (normal execution)

VM Mutex/Monitor currently owned by a thread:  ([mutex/lock_event])
[0x00007faba241fc60] Threads_lock - owner thread: 0x00007faba380e000

Heap:
 PSYoungGen      total 5120K, used 1114K [0x0000000795580000, 0x0000000795b80000, 0x00000007c0000000)
  eden space 4096K, 9% used [0x0000000795580000,0x00000007955deb38,0x0000000795980000)
  from space 1024K, 71% used [0x0000000795a80000,0x0000000795b38030,0x0000000795b80000)
  to   space 1024K, 0% used [0x0000000795980000,0x0000000795980000,0x0000000795a80000)
 ParOldGen       total 129536K, used 932K [0x0000000740000000, 0x0000000747e80000, 0x0000000795580000)
  object space 129536K, 0% used [0x0000000740000000,0x00000007400e9020,0x0000000747e80000)
 Metaspace       used 6522K, capacity 7010K, committed 7296K, reserved 1056768K
  class space    used 782K, capacity 786K, committed 896K, reserved 1048576K

Card table byte_map: [0x0000000114a7f000,0x0000000114e80000] byte_map_base: 0x000000011107f000

Marking Bits: (ParMarkBitMap*) 0x00000001050660a0
 Begin Bits: [0x0000000115943000, 0x0000000117943000)
 End Bits:   [0x0000000117943000, 0x0000000119943000)

Polling page: 0x00000001037a7000

CodeCache: size=245760Kb used=1720Kb max_used=1725Kb free=244039Kb
 bounds [0x00000001056bf000, 0x000000010592f000, 0x00000001146bf000]
 total_blobs=656 nmethods=290 adapters=282
 compilation: enabled

Compilation events (10 events):
Event: 0.663 Thread 0x00007faba5800000  286       3       java.nio.ByteBuffer::arrayOffset (35 bytes)
Event: 0.663 Thread 0x00007faba5800000 nmethod 286 0x000000010586cf10 code [0x000000010586d0a0, 0x000000010586d398]
Event: 0.663 Thread 0x00007faba5800000  287       3       java.nio.Buffer::position (43 bytes)
Event: 0.663 Thread 0x00007faba5800000 nmethod 287 0x000000010586ca50 code [0x000000010586cbc0, 0x000000010586ce68]
Event: 0.663 Thread 0x00007faba5800000  288       3       java.nio.CharBuffer::arrayOffset (35 bytes)
Event: 0.664 Thread 0x00007faba3841000  289       4       java.lang.Math::min (11 bytes)
Event: 0.664 Thread 0x00007faba5800000 nmethod 288 0x000000010586c490 code [0x000000010586c620, 0x000000010586c918]
Event: 0.664 Thread 0x00007faba3841000 nmethod 289 0x0000000105847510 code [0x0000000105847640, 0x0000000105847678]
Event: 0.665 Thread 0x00007faba5800000  290  s    3       java.util.Hashtable::get (69 bytes)
Event: 0.665 Thread 0x00007faba5800000 nmethod 290 0x000000010586b850 code [0x000000010586b9e0, 0x000000010586c018]

GC Heap History (10 events):
Event: 0.193 GC heap before
{Heap before GC invocations=2 (full 0):
 PSYoungGen      total 1024K, used 992K [0x0000000795580000, 0x0000000795780000, 0x00000007c0000000)
  eden space 512K, 100% used [0x0000000795580000,0x0000000795600000,0x0000000795600000)
  from space 512K, 93% used [0x0000000795600000,0x0000000795678020,0x0000000795680000)
  to   space 512K, 0% used [0x0000000795700000,0x0000000795700000,0x0000000795780000)
 ParOldGen       total 129536K, used 16K [0x0000000740000000, 0x0000000747e80000, 0x0000000795580000)
  object space 129536K, 0% used [0x0000000740000000,0x0000000740004000,0x0000000747e80000)
 Metaspace       used 2740K, capacity 4486K, committed 4864K, reserved 1056768K
  class space    used 296K, capacity 386K, committed 512K, reserved 1048576K
Event: 0.194 GC heap after
Heap after GC invocations=2 (full 0):
 PSYoungGen      total 1536K, used 496K [0x0000000795580000, 0x0000000795780000, 0x00000007c0000000)
  eden space 1024K, 0% used [0x0000000795580000,0x0000000795580000,0x0000000795680000)
  from space 512K, 96% used [0x0000000795700000,0x000000079577c010,0x0000000795780000)
  to   space 512K, 0% used [0x0000000795680000,0x0000000795680000,0x0000000795700000)
 ParOldGen       total 129536K, used 104K [0x0000000740000000, 0x0000000747e80000, 0x0000000795580000)
  object space 129536K, 0% used [0x0000000740000000,0x000000074001a000,0x0000000747e80000)
 Metaspace       used 2740K, capacity 4486K, committed 4864K, reserved 1056768K
  class space    used 296K, capacity 386K, committed 512K, reserved 1048576K
}
Event: 0.226 GC heap before
{Heap before GC invocations=3 (full 0):
 PSYoungGen      total 1536K, used 1520K [0x0000000795580000, 0x0000000795780000, 0x00000007c0000000)
  eden space 1024K, 100% used [0x0000000795580000,0x0000000795680000,0x0000000795680000)
  from space 512K, 96% used [0x0000000795700000,0x000000079577c010,0x0000000795780000)
  to   space 512K, 0% used [0x0000000795680000,0x0000000795680000,0x0000000795700000)
 ParOldGen       total 129536K, used 104K [0x0000000740000000, 0x0000000747e80000, 0x0000000795580000)
  object space 129536K, 0% used [0x0000000740000000,0x000000074001a000,0x0000000747e80000)
 Metaspace       used 3246K, capacity 4886K, committed 5120K, reserved 1056768K
  class space    used 359K, capacity 458K, committed 512K, reserved 1048576K
Event: 0.228 GC heap after
Heap after GC invocations=3 (full 0):
 PSYoungGen      total 1536K, used 496K [0x0000000795580000, 0x0000000795880000, 0x00000007c0000000)
  eden space 1024K, 0% used [0x0000000795580000,0x0000000795580000,0x0000000795680000)
  from space 512K, 96% used [0x0000000795680000,0x00000007956fc010,0x0000000795700000)
  to   space 512K, 0% used [0x0000000795800000,0x0000000795800000,0x0000000795880000)
 ParOldGen       total 129536K, used 216K [0x0000000740000000, 0x0000000747e80000, 0x0000000795580000)
  object space 129536K, 0% used [0x0000000740000000,0x0000000740036000,0x0000000747e80000)
 Metaspace       used 3246K, capacity 4886K, committed 5120K, reserved 1056768K
  class space    used 359K, capacity 458K, committed 512K, reserved 1048576K
}
Event: 0.318 GC heap before
{Heap before GC invocations=4 (full 0):
 PSYoungGen      total 1536K, used 1520K [0x0000000795580000, 0x0000000795880000, 0x00000007c0000000)
  eden space 1024K, 100% used [0x0000000795580000,0x0000000795680000,0x0000000795680000)
  from space 512K, 96% used [0x0000000795680000,0x00000007956fc010,0x0000000795700000)
  to   space 512K, 0% used [0x0000000795800000,0x0000000795800000,0x0000000795880000)
 ParOldGen       total 129536K, used 216K [0x0000000740000000, 0x0000000747e80000, 0x0000000795580000)
  object space 129536K, 0% used [0x0000000740000000,0x0000000740036000,0x0000000747e80000)
 Metaspace       used 3908K, capacity 5302K, committed 5376K, reserved 1056768K
  class space    used 436K, capacity 490K, committed 512K, reserved 1048576K
Event: 0.319 GC heap after
Heap after GC invocations=4 (full 0):
 PSYoungGen      total 2560K, used 480K [0x0000000795580000, 0x0000000795880000, 0x00000007c0000000)
  eden space 2048K, 0% used [0x0000000795580000,0x0000000795580000,0x0000000795780000)
  from space 512K, 93% used [0x0000000795800000,0x0000000795878020,0x0000000795880000)
  to   space 512K, 0% used [0x0000000795780000,0x0000000795780000,0x0000000795800000)
 ParOldGen       total 129536K, used 316K [0x0000000740000000, 0x0000000747e80000, 0x0000000795580000)
  object space 129536K, 0% used [0x0000000740000000,0x000000074004f010,0x0000000747e80000)
 Metaspace       used 3908K, capacity 5302K, committed 5376K, reserved 1056768K
  class space    used 436K, capacity 490K, committed 512K, reserved 1048576K
}
Event: 0.588 GC heap before
{Heap before GC invocations=5 (full 0):
 PSYoungGen      total 2560K, used 2525K [0x0000000795580000, 0x0000000795880000, 0x00000007c0000000)
  eden space 2048K, 99% used [0x0000000795580000,0x000000079577f5a0,0x0000000795780000)
  from space 512K, 93% used [0x0000000795800000,0x0000000795878020,0x0000000795880000)
  to   space 512K, 0% used [0x0000000795780000,0x0000000795780000,0x0000000795800000)
 ParOldGen       total 129536K, used 316K [0x0000000740000000, 0x0000000747e80000, 0x0000000795580000)
  object space 129536K, 0% used [0x0000000740000000,0x000000074004f010,0x0000000747e80000)
 Metaspace       used 4726K, capacity 6070K, committed 6272K, reserved 1056768K
  class space    used 505K, capacity 554K, committed 640K, reserved 1048576K
Event: 0.589 GC heap after
Heap after GC invocations=5 (full 0):
 PSYoungGen      total 2560K, used 496K [0x0000000795580000, 0x0000000795b80000, 0x00000007c0000000)
  eden space 2048K, 0% used [0x0000000795580000,0x0000000795580000,0x0000000795780000)
  from space 512K, 96% used [0x0000000795780000,0x00000007957fc020,0x0000000795800000)
  to   space 1024K, 0% used [0x0000000795a80000,0x0000000795a80000,0x0000000795b80000)
 ParOldGen       total 129536K, used 924K [0x0000000740000000, 0x0000000747e80000, 0x0000000795580000)
  object space 129536K, 0% used [0x0000000740000000,0x00000007400e7020,0x0000000747e80000)
 Metaspace       used 4726K, capacity 6070K, committed 6272K, reserved 1056768K
  class space    used 505K, capacity 554K, committed 640K, reserved 1048576K
}
Event: 0.649 GC heap before
{Heap before GC invocations=6 (full 0):
 PSYoungGen      total 2560K, used 2514K [0x0000000795580000, 0x0000000795b80000, 0x00000007c0000000)
  eden space 2048K, 98% used [0x0000000795580000,0x0000000795778bb0,0x0000000795780000)
  from space 512K, 96% used [0x0000000795780000,0x00000007957fc020,0x0000000795800000)
  to   space 1024K, 0% used [0x0000000795a80000,0x0000000795a80000,0x0000000795b80000)
 ParOldGen       total 129536K, used 924K [0x0000000740000000, 0x0000000747e80000, 0x0000000795580000)
  object space 129536K, 0% used [0x0000000740000000,0x00000007400e7020,0x0000000747e80000)
 Metaspace       used 6280K, capacity 6942K, committed 7296K, reserved 1056768K
  class space    used 751K, capacity 786K, committed 896K, reserved 1048576K
Event: 0.651 GC heap after
Heap after GC invocations=6 (full 0):
 PSYoungGen      total 5120K, used 736K [0x0000000795580000, 0x0000000795b80000, 0x00000007c0000000)
  eden space 4096K, 0% used [0x0000000795580000,0x0000000795580000,0x0000000795980000)
  from space 1024K, 71% used [0x0000000795a80000,0x0000000795b38030,0x0000000795b80000)
  to   space 1024K, 0% used [0x0000000795980000,0x0000000795980000,0x0000000795a80000)
 ParOldGen       total 129536K, used 932K [0x0000000740000000, 0x0000000747e80000, 0x0000000795580000)
  object space 129536K, 0% used [0x0000000740000000,0x00000007400e9020,0x0000000747e80000)
 Metaspace       used 6280K, capacity 6942K, committed 7296K, reserved 1056768K
  class space    used 751K, capacity 786K, committed 896K, reserved 1048576K
}

Deoptimization events (0 events):
No events

Internal exceptions (10 events):
Event: 0.185 Thread 0x00007faba2812000 Exception <a 'java/security/PrivilegedActionException'> (0x00000007955f00e8) thrown at [/HUDSON/workspace/8-2-build-macosx-x86_64/jdk8/2238/hotspot/src/share/vm/prims/jvm.cpp, line 1248]
Event: 0.204 Thread 0x00007faba2812000 Exception <a 'java/security/PrivilegedActionException'> (0x00000007955bbae8) thrown at [/HUDSON/workspace/8-2-build-macosx-x86_64/jdk8/2238/hotspot/src/share/vm/prims/jvm.cpp, line 1248]
Event: 0.204 Thread 0x00007faba2812000 Exception <a 'java/security/PrivilegedActionException'> (0x00000007955bbca0) thrown at [/HUDSON/workspace/8-2-build-macosx-x86_64/jdk8/2238/hotspot/src/share/vm/prims/jvm.cpp, line 1248]
Event: 0.204 Thread 0x00007faba2812000 Exception <a 'java/security/PrivilegedActionException'> (0x00000007955bed70) thrown at [/HUDSON/workspace/8-2-build-macosx-x86_64/jdk8/2238/hotspot/src/share/vm/prims/jvm.cpp, line 1248]
Event: 0.204 Thread 0x00007faba2812000 Exception <a 'java/security/PrivilegedActionException'> (0x00000007955bef28) thrown at [/HUDSON/workspace/8-2-build-macosx-x86_64/jdk8/2238/hotspot/src/share/vm/prims/jvm.cpp, line 1248]
Event: 0.205 Thread 0x00007faba2812000 Exception <a 'java/lang/NullPointerException'> (0x00000007955c0910) thrown at [/HUDSON/workspace/8-2-build-macosx-x86_64/jdk8/2238/hotspot/src/share/vm/interpreter/linkResolver.cpp, line 1169]
Event: 0.655 Thread 0x00007faba38f1800 Exception <a 'java/security/PrivilegedActionException'> (0x000000079559b3c0) thrown at [/HUDSON/workspace/8-2-build-macosx-x86_64/jdk8/2238/hotspot/src/share/vm/prims/jvm.cpp, line 1248]
Event: 0.657 Thread 0x00007faba38f1800 Exception <a 'java/lang/reflect/InvocationTargetException'> (0x00000007955a0ea0) thrown at [/HUDSON/workspace/8-2-build-macosx-x86_64/jdk8/2238/hotspot/src/share/vm/runtime/reflection.cpp, line 1079]
Event: 0.657 Thread 0x00007faba38f1800 Exception <a 'java/lang/Error'> (0x000000079559fde8) thrown at [/HUDSON/workspace/8-2-build-macosx-x86_64/jdk8/2238/hotspot/src/share/vm/prims/jni.cpp, line 716]
Event: 0.662 Thread 0x00007faba2812000 Exception <a 'java/lang/reflect/InvocationTargetException'> (0x00000007955c4400) thrown at [/HUDSON/workspace/8-2-build-macosx-x86_64/jdk8/2238/hotspot/src/share/vm/runtime/reflection.cpp, line 1079]

Events (10 events):
Event: 0.666 loading class java/util/Formatter$Flags done
Event: 0.666 loading class java/util/Formatter$Conversion
Event: 0.666 loading class java/util/Formatter$Conversion done
Event: 0.666 loading class java/util/Formattable
Event: 0.666 loading class java/util/Formattable done
Event: 0.666 loading class java/lang/Shutdown
Event: 0.666 loading class java/lang/Shutdown done
Event: 0.666 loading class java/lang/Shutdown$Lock
Event: 0.666 loading class java/lang/Shutdown$Lock done
Event: 0.666 Executing VM operation: Exit


Dynamic libraries:
0x000000000933e000 	/System/Library/Frameworks/Cocoa.framework/Versions/A/Cocoa
0x000000000933e000 	/System/Library/Frameworks/Security.framework/Versions/A/Security
0x000000000933e000 	/System/Library/Frameworks/ApplicationServices.framework/Versions/A/ApplicationServices
0x000000000933e000 	/usr/lib/libz.1.dylib
0x000000000933e000 	/usr/lib/libSystem.B.dylib
0x000000000933e000 	/usr/lib/libobjc.A.dylib
0x000000000933e000 	/System/Library/Frameworks/CoreFoundation.framework/Versions/A/CoreFoundation
0x000000000933e000 	/System/Library/Frameworks/Foundation.framework/Versions/C/Foundation
0x000000000933e000 	/System/Library/Frameworks/AppKit.framework/Versions/C/AppKit
0x000000000933e000 	/System/Library/Frameworks/CoreData.framework/Versions/A/CoreData
0x000000000933e000 	/System/Library/PrivateFrameworks/RemoteViewServices.framework/Versions/A/RemoteViewServices
0x000000000933e000 	/System/Library/PrivateFrameworks/UIFoundation.framework/Versions/A/UIFoundation
0x000000000933e000 	/System/Library/Frameworks/IOSurface.framework/Versions/A/IOSurface
0x000000000933e000 	/System/Library/Frameworks/AudioToolbox.framework/Versions/A/AudioToolbox
0x000000000933e000 	/System/Library/Frameworks/AudioUnit.framework/Versions/A/AudioUnit
0x000000000933e000 	/System/Library/PrivateFrameworks/DataDetectorsCore.framework/Versions/A/DataDetectorsCore
0x000000000933e000 	/System/Library/PrivateFrameworks/DesktopServicesPriv.framework/Versions/A/DesktopServicesPriv
0x000000000933e000 	/System/Library/Frameworks/Carbon.framework/Versions/A/Frameworks/HIToolbox.framework/Versions/A/HIToolbox
0x000000000933e000 	/System/Library/Frameworks/QuartzCore.framework/Versions/A/QuartzCore
0x000000000933e000 	/System/Library/Frameworks/Carbon.framework/Versions/A/Frameworks/SpeechRecognition.framework/Versions/A/SpeechRecognition
0x000000000933e000 	/usr/lib/libauto.dylib
0x000000000933e000 	/usr/lib/libicucore.A.dylib
0x000000000933e000 	/usr/lib/libxml2.2.dylib
0x000000000933e000 	/System/Library/PrivateFrameworks/CoreUI.framework/Versions/A/CoreUI
0x000000000933e000 	/System/Library/Frameworks/CoreAudio.framework/Versions/A/CoreAudio
0x000000000933e000 	/System/Library/Frameworks/DiskArbitration.framework/Versions/A/DiskArbitration
0x000000000933e000 	/usr/lib/liblangid.dylib
0x000000000933e000 	/System/Library/PrivateFrameworks/MultitouchSupport.framework/Versions/A/MultitouchSupport
0x000000000933e000 	/System/Library/Frameworks/IOKit.framework/Versions/A/IOKit
0x000000000933e000 	/usr/lib/libDiagnosticMessagesClient.dylib
0x000000000933e000 	/System/Library/Frameworks/CoreServices.framework/Versions/A/CoreServices
0x000000000933e000 	/System/Library/PrivateFrameworks/PerformanceAnalysis.framework/Versions/A/PerformanceAnalysis
0x000000000933e000 	/System/Library/PrivateFrameworks/GenerationalStorage.framework/Versions/A/GenerationalStorage
0x000000000933e000 	/System/Library/Frameworks/OpenGL.framework/Versions/A/OpenGL
0x000000000933e000 	/System/Library/PrivateFrameworks/Sharing.framework/Versions/A/Sharing
0x000000000933e000 	/System/Library/Frameworks/CoreGraphics.framework/Versions/A/CoreGraphics
0x000000000933e000 	/System/Library/Frameworks/CoreText.framework/Versions/A/CoreText
0x000000000933e000 	/System/Library/Frameworks/ImageIO.framework/Versions/A/ImageIO
0x000000000933e000 	/usr/lib/libextension.dylib
0x000000000933e000 	/System/Library/PrivateFrameworks/Backup.framework/Versions/A/Backup
0x000000000933e000 	/usr/lib/libarchive.2.dylib
0x000000000933e000 	/System/Library/Frameworks/CFNetwork.framework/Versions/A/CFNetwork
0x000000000933e000 	/System/Library/Frameworks/SystemConfiguration.framework/Versions/A/SystemConfiguration
0x000000000933e000 	/usr/lib/libCRFSuite.dylib
0x000000000933e000 	/usr/lib/libc++.1.dylib
0x000000000933e000 	/usr/lib/libc++abi.dylib
0x000000000933e000 	/usr/lib/system/libcache.dylib
0x000000000933e000 	/usr/lib/system/libcommonCrypto.dylib
0x000000000933e000 	/usr/lib/system/libcompiler_rt.dylib
0x000000000933e000 	/usr/lib/system/libcopyfile.dylib
0x000000000933e000 	/usr/lib/system/libcorecrypto.dylib
0x000000000933e000 	/usr/lib/system/libdispatch.dylib
0x000000000933e000 	/usr/lib/system/libdyld.dylib
0x000000000933e000 	/usr/lib/system/libkeymgr.dylib
0x000000000933e000 	/usr/lib/system/liblaunch.dylib
0x000000000933e000 	/usr/lib/system/libmacho.dylib
0x000000000933e000 	/usr/lib/system/libquarantine.dylib
0x000000000933e000 	/usr/lib/system/libremovefile.dylib
0x000000000933e000 	/usr/lib/system/libsystem_asl.dylib
0x000000000933e000 	/usr/lib/system/libsystem_blocks.dylib
0x000000000933e000 	/usr/lib/system/libsystem_c.dylib
0x000000000933e000 	/usr/lib/system/libsystem_configuration.dylib
0x000000000933e000 	/usr/lib/system/libsystem_coreservices.dylib
0x000000000933e000 	/usr/lib/system/libsystem_coretls.dylib
0x000000000933e000 	/usr/lib/system/libsystem_dnssd.dylib
0x000000000933e000 	/usr/lib/system/libsystem_info.dylib
0x000000000933e000 	/usr/lib/system/libsystem_kernel.dylib
0x000000000933e000 	/usr/lib/system/libsystem_m.dylib
0x000000000933e000 	/usr/lib/system/libsystem_malloc.dylib
0x000000000933e000 	/usr/lib/system/libsystem_network.dylib
0x000000000933e000 	/usr/lib/system/libsystem_networkextension.dylib
0x000000000933e000 	/usr/lib/system/libsystem_notify.dylib
0x000000000933e000 	/usr/lib/system/libsystem_platform.dylib
0x000000000933e000 	/usr/lib/system/libsystem_pthread.dylib
0x000000000933e000 	/usr/lib/system/libsystem_sandbox.dylib
0x000000000933e000 	/usr/lib/system/libsystem_secinit.dylib
0x000000000933e000 	/usr/lib/system/libsystem_stats.dylib
0x000000000933e000 	/usr/lib/system/libsystem_trace.dylib
0x000000000933e000 	/usr/lib/system/libunc.dylib
0x000000000933e000 	/usr/lib/system/libunwind.dylib
0x000000000933e000 	/usr/lib/system/libxpc.dylib
0x000000000933e000 	/usr/lib/libbz2.1.0.dylib
0x000000000933e000 	/usr/lib/liblzma.5.dylib
0x000000000933e000 	/usr/lib/libbsm.0.dylib
0x000000000933e000 	/usr/lib/libsqlite3.dylib
0x000000000933e000 	/usr/lib/system/libkxld.dylib
0x000000000933e000 	/usr/lib/libxar.1.dylib
0x000000000933e000 	/usr/lib/libpam.2.dylib
0x000000000933e000 	/usr/lib/libOpenScriptingUtil.dylib
0x000000000933e000 	/System/Library/Frameworks/CoreServices.framework/Versions/A/Frameworks/FSEvents.framework/Versions/A/FSEvents
0x000000000933e000 	/System/Library/Frameworks/CoreServices.framework/Versions/A/Frameworks/CarbonCore.framework/Versions/A/CarbonCore
0x000000000933e000 	/System/Library/Frameworks/CoreServices.framework/Versions/A/Frameworks/Metadata.framework/Versions/A/Metadata
0x000000000933e000 	/System/Library/Frameworks/CoreServices.framework/Versions/A/Frameworks/OSServices.framework/Versions/A/OSServices
0x000000000933e000 	/System/Library/Frameworks/CoreServices.framework/Versions/A/Frameworks/SearchKit.framework/Versions/A/SearchKit
0x000000000933e000 	/System/Library/Frameworks/CoreServices.framework/Versions/A/Frameworks/AE.framework/Versions/A/AE
0x000000000933e000 	/System/Library/Frameworks/CoreServices.framework/Versions/A/Frameworks/LaunchServices.framework/Versions/A/LaunchServices
0x000000000933e000 	/System/Library/Frameworks/CoreServices.framework/Versions/A/Frameworks/DictionaryServices.framework/Versions/A/DictionaryServices
0x000000000933e000 	/System/Library/Frameworks/NetFS.framework/Versions/A/NetFS
0x000000000933e000 	/System/Library/PrivateFrameworks/NetAuth.framework/Versions/A/NetAuth
0x000000000933e000 	/System/Library/PrivateFrameworks/login.framework/Versions/A/Frameworks/loginsupport.framework/Versions/A/loginsupport
0x000000000933e000 	/System/Library/PrivateFrameworks/TCC.framework/Versions/A/TCC
0x000000000933e000 	/usr/lib/libmecabra.dylib
0x000000000933e000 	/System/Library/Frameworks/ApplicationServices.framework/Versions/A/Frameworks/ATS.framework/Versions/A/ATS
0x000000000933e000 	/System/Library/Frameworks/ApplicationServices.framework/Versions/A/Frameworks/ColorSync.framework/Versions/A/ColorSync
0x000000000933e000 	/System/Library/Frameworks/ApplicationServices.framework/Versions/A/Frameworks/HIServices.framework/Versions/A/HIServices
0x000000000933e000 	/System/Library/Frameworks/ApplicationServices.framework/Versions/A/Frameworks/LangAnalysis.framework/Versions/A/LangAnalysis
0x000000000933e000 	/System/Library/Frameworks/ApplicationServices.framework/Versions/A/Frameworks/PrintCore.framework/Versions/A/PrintCore
0x000000000933e000 	/System/Library/Frameworks/ApplicationServices.framework/Versions/A/Frameworks/QD.framework/Versions/A/QD
0x000000000933e000 	/System/Library/Frameworks/ApplicationServices.framework/Versions/A/Frameworks/SpeechSynthesis.framework/Versions/A/SpeechSynthesis
0x000000000933e000 	/System/Library/Frameworks/Accelerate.framework/Versions/A/Accelerate
0x000000000933e000 	/System/Library/Frameworks/Accelerate.framework/Versions/A/Frameworks/vImage.framework/Versions/A/vImage
0x000000000933e000 	/System/Library/Frameworks/Accelerate.framework/Versions/A/Frameworks/vecLib.framework/Versions/A/vecLib
0x000000000933e000 	/System/Library/Frameworks/Accelerate.framework/Versions/A/Frameworks/vecLib.framework/Versions/A/libvDSP.dylib
0x000000000933e000 	/System/Library/Frameworks/Accelerate.framework/Versions/A/Frameworks/vecLib.framework/Versions/A/libvMisc.dylib
0x000000000933e000 	/System/Library/Frameworks/Accelerate.framework/Versions/A/Frameworks/vecLib.framework/Versions/A/libLAPACK.dylib
0x000000000933e000 	/System/Library/Frameworks/Accelerate.framework/Versions/A/Frameworks/vecLib.framework/Versions/A/libBLAS.dylib
0x000000000933e000 	/System/Library/Frameworks/Accelerate.framework/Versions/A/Frameworks/vecLib.framework/Versions/A/libLinearAlgebra.dylib
0x000000000933e000 	/System/Library/Frameworks/ApplicationServices.framework/Versions/A/Frameworks/ATS.framework/Versions/A/Resources/libFontParser.dylib
0x000000000933e000 	/System/Library/Frameworks/ApplicationServices.framework/Versions/A/Frameworks/ATS.framework/Versions/A/Resources/libFontRegistry.dylib
0x000000000933e000 	/System/Library/PrivateFrameworks/AppleVPA.framework/Versions/A/AppleVPA
0x000000000933e000 	/System/Library/PrivateFrameworks/AppleJPEG.framework/Versions/A/AppleJPEG
0x000000000933e000 	/System/Library/Frameworks/ImageIO.framework/Versions/A/Resources/libJPEG.dylib
0x000000000933e000 	/System/Library/Frameworks/ImageIO.framework/Versions/A/Resources/libTIFF.dylib
0x000000000933e000 	/System/Library/Frameworks/ImageIO.framework/Versions/A/Resources/libPng.dylib
0x000000000933e000 	/System/Library/Frameworks/ImageIO.framework/Versions/A/Resources/libGIF.dylib
0x000000000933e000 	/System/Library/Frameworks/ImageIO.framework/Versions/A/Resources/libJP2.dylib
0x000000000933e000 	/System/Library/Frameworks/ImageIO.framework/Versions/A/Resources/libRadiance.dylib
0x000000000933e000 	/System/Library/Frameworks/CoreVideo.framework/Versions/A/CoreVideo
0x000000000933e000 	/System/Library/Frameworks/OpenGL.framework/Versions/A/Libraries/libGLU.dylib
0x000000000933e000 	/System/Library/Frameworks/OpenGL.framework/Versions/A/Libraries/libGFXShared.dylib
0x000000000933e000 	/System/Library/Frameworks/OpenGL.framework/Versions/A/Libraries/libGL.dylib
0x000000000933e000 	/System/Library/Frameworks/OpenGL.framework/Versions/A/Libraries/libGLImage.dylib
0x000000000933e000 	/System/Library/Frameworks/OpenGL.framework/Versions/A/Libraries/libCVMSPluginSupport.dylib
0x000000000933e000 	/System/Library/Frameworks/OpenGL.framework/Versions/A/Libraries/libCoreVMClient.dylib
0x000000000933e000 	/usr/lib/libcups.2.dylib
0x000000000933e000 	/System/Library/Frameworks/Kerberos.framework/Versions/A/Kerberos
0x000000000933e000 	/System/Library/Frameworks/GSS.framework/Versions/A/GSS
0x000000000933e000 	/usr/lib/libresolv.9.dylib
0x000000000933e000 	/usr/lib/libiconv.2.dylib
0x000000000933e000 	/System/Library/PrivateFrameworks/Heimdal.framework/Versions/A/Heimdal
0x000000000933e000 	/usr/lib/libheimdal-asn1.dylib
0x000000000933e000 	/System/Library/Frameworks/OpenDirectory.framework/Versions/A/OpenDirectory
0x000000000933e000 	/System/Library/PrivateFrameworks/CommonAuth.framework/Versions/A/CommonAuth
0x000000000933e000 	/System/Library/Frameworks/OpenDirectory.framework/Versions/A/Frameworks/CFOpenDirectory.framework/Versions/A/CFOpenDirectory
0x000000000933e000 	/System/Library/Frameworks/SecurityFoundation.framework/Versions/A/SecurityFoundation
0x000000000933e000 	/System/Library/PrivateFrameworks/LanguageModeling.framework/Versions/A/LanguageModeling
0x000000000933e000 	/usr/lib/libcmph.dylib
0x000000000933e000 	/System/Library/Frameworks/ServiceManagement.framework/Versions/A/ServiceManagement
0x000000000933e000 	/usr/lib/libxslt.1.dylib
0x000000000933e000 	/System/Library/Frameworks/Carbon.framework/Versions/A/Frameworks/Ink.framework/Versions/A/Ink
0x000000000933e000 	/System/Library/Frameworks/QuartzCore.framework/Versions/A/Frameworks/CoreImage.framework/Versions/A/CoreImage
0x000000000933e000 	/System/Library/PrivateFrameworks/CrashReporterSupport.framework/Versions/A/CrashReporterSupport
0x000000000933e000 	/System/Library/Frameworks/OpenCL.framework/Versions/A/OpenCL
0x000000000933e000 	/System/Library/PrivateFrameworks/FaceCore.framework/Versions/A/FaceCore
0x000000000933e000 	/System/Library/PrivateFrameworks/Ubiquity.framework/Versions/A/Ubiquity
0x000000000933e000 	/System/Library/PrivateFrameworks/IconServices.framework/Versions/A/IconServices
0x000000000933e000 	/System/Library/PrivateFrameworks/ChunkingLibrary.framework/Versions/A/ChunkingLibrary
0x000000000933e000 	/System/Library/PrivateFrameworks/Apple80211.framework/Versions/A/Apple80211
0x000000000933e000 	/System/Library/Frameworks/CoreWLAN.framework/Versions/A/CoreWLAN
0x000000000933e000 	/System/Library/Frameworks/IOBluetooth.framework/Versions/A/IOBluetooth
0x000000000933e000 	/System/Library/PrivateFrameworks/CoreWiFi.framework/Versions/A/CoreWiFi
0x000000000933e000 	/System/Library/Frameworks/CoreBluetooth.framework/Versions/A/CoreBluetooth
0x000000000933e000 	/System/Library/PrivateFrameworks/DebugSymbols.framework/Versions/A/DebugSymbols
0x000000000933e000 	/System/Library/PrivateFrameworks/CoreSymbolication.framework/Versions/A/CoreSymbolication
0x000000000933e000 	/System/Library/PrivateFrameworks/Symbolication.framework/Versions/A/Symbolication
0x000000000933e000 	/System/Library/PrivateFrameworks/SpeechRecognitionCore.framework/Versions/A/SpeechRecognitionCore
0x0000000104800000 	/Library/Java/JavaVirtualMachines/jdk1.8.0.jdk/Contents/Home/jre/lib/server/libjvm.dylib
0x000000000933e000 	/usr/lib/libstdc++.6.dylib
0x0000000103765000 	/Library/Java/JavaVirtualMachines/jdk1.8.0.jdk/Contents/Home/jre/lib/libverify.dylib
0x0000000103773000 	/Library/Java/JavaVirtualMachines/jdk1.8.0.jdk/Contents/Home/jre/lib/libjava.dylib
0x00000001037b1000 	/Library/Java/JavaVirtualMachines/jdk1.8.0.jdk/Contents/Home/jre/lib/libzip.dylib
0x00000001037e3000 	/System/Library/Frameworks/JavaVM.framework/Frameworks/JavaRuntimeSupport.framework/JavaRuntimeSupport
0x000000011c796000 	/System/Library/Frameworks/JavaVM.framework/Versions/A/Frameworks/JavaNativeFoundation.framework/Versions/A/JavaNativeFoundation
0x000000011c7ab000 	/System/Library/Frameworks/JavaVM.framework/Versions/A/JavaVM
0x000000000933e000 	/System/Library/Frameworks/Carbon.framework/Versions/A/Carbon
0x000000011c7b8000 	/System/Library/PrivateFrameworks/JavaLaunching.framework/Versions/A/JavaLaunching
0x000000000933e000 	/System/Library/Frameworks/Carbon.framework/Versions/A/Frameworks/CommonPanels.framework/Versions/A/CommonPanels
0x000000000933e000 	/System/Library/Frameworks/Carbon.framework/Versions/A/Frameworks/Help.framework/Versions/A/Help
0x000000000933e000 	/System/Library/Frameworks/Carbon.framework/Versions/A/Frameworks/ImageCapture.framework/Versions/A/ImageCapture
0x000000000933e000 	/System/Library/Frameworks/Carbon.framework/Versions/A/Frameworks/OpenScripting.framework/Versions/A/OpenScripting
0x000000000933e000 	/System/Library/Frameworks/Carbon.framework/Versions/A/Frameworks/Print.framework/Versions/A/Print
0x000000000933e000 	/System/Library/Frameworks/Carbon.framework/Versions/A/Frameworks/SecurityHI.framework/Versions/A/SecurityHI
0x000000011e8ba000 	/Library/Java/JavaVirtualMachines/jdk1.8.0.jdk/Contents/Home/jre/lib/libprism_es2.dylib
0x000000000933e000 	/System/Library/Frameworks/OpenGL.framework/Versions/A/Resources/GLEngine.bundle/GLEngine
0x000000000933e000 	/System/Library/Frameworks/OpenGL.framework/Versions/A/Libraries/libGLProgrammability.dylib
0x0000000000000000 	/System/Library/Extensions/AppleIntelHD3000GraphicsGLDriver.bundle/Contents/MacOS/AppleIntelHD3000GraphicsGLDriver
0x000000011e937000 	/System/Library/PrivateFrameworks/GPUSupport.framework/Versions/A/Libraries/libGPUSupport.dylib
0x0000000000000000 	/System/Library/Extensions/AMDRadeonX3000GLDriver.bundle/Contents/MacOS/AMDRadeonX3000GLDriver
0x000000000933e000 	/System/Library/PrivateFrameworks/IOAccelerator.framework/Versions/A/IOAccelerator
0x000000000933e000 	/System/Library/PrivateFrameworks/GPUSupport.framework/Versions/A/Libraries/libGPUSupportMercury.dylib
0x000000000933e000 	/System/Library/Frameworks/OpenGL.framework/Versions/A/Resources/GLRendererFloat.bundle/GLRendererFloat
0x000000000933e000 	/System/Library/Frameworks/OpenCL.framework/Versions/A/Libraries/libcldcpuengine.dylib
0x000000000933e000 	/System/Library/PrivateFrameworks/DiskImages.framework/Versions/A/DiskImages
0x000000000933e000 	/System/Library/Frameworks/DiscRecording.framework/Versions/A/DiscRecording
0x000000000933e000 	/usr/lib/libcsfde.dylib
0x000000000933e000 	/usr/lib/libcurl.4.dylib
0x000000000933e000 	/System/Library/PrivateFrameworks/MediaKit.framework/Versions/A/MediaKit
0x000000000933e000 	/System/Library/PrivateFrameworks/ProtectedCloudStorage.framework/Versions/A/ProtectedCloudStorage
0x000000000933e000 	/usr/lib/libCoreStorage.dylib
0x000000000933e000 	/System/Library/PrivateFrameworks/EFILogin.framework/Versions/A/EFILogin
0x000000000933e000 	/usr/lib/libutil.dylib
0x000000000933e000 	/System/Library/PrivateFrameworks/FindMyDevice.framework/Versions/A/FindMyDevice
0x000000000933e000 	/System/Library/Frameworks/LDAP.framework/Versions/A/LDAP
0x000000000933e000 	/usr/lib/libsasl2.2.dylib
0x000000000933e000 	/System/Library/PrivateFrameworks/CoreDaemon.framework/Versions/B/CoreDaemon
0x000000000933e000 	/usr/lib/libcrypto.0.9.8.dylib
0x000000000933e000 	/System/Library/PrivateFrameworks/AppleSRP.framework/Versions/A/AppleSRP
0x000000000933e000 	/System/Library/PrivateFrameworks/TrustEvaluationAgent.framework/Versions/A/TrustEvaluationAgent
0x000000011ef2c000 	/Library/Java/JavaVirtualMachines/jdk1.8.0.jdk/Contents/Home/jre/lib/libglass.dylib
0x000000000933e000 	/System/Library/PrivateFrameworks/CoreServicesInternal.framework/Versions/A/CoreServicesInternal
0x000000000933e000 	/System/Library/PrivateFrameworks/CloudDocs.framework/Versions/A/CloudDocs
0x000000000933e000 	/System/Library/PrivateFrameworks/CoreDuet.framework/Versions/A/CoreDuet
0x000000000933e000 	/System/Library/Frameworks/CloudKit.framework/Versions/A/CloudKit
0x000000000933e000 	/System/Library/PrivateFrameworks/ProtocolBuffer.framework/Versions/A/ProtocolBuffer
0x000000000933e000 	/System/Library/PrivateFrameworks/CoreDuetDaemonProtocol.framework/Versions/A/CoreDuetDaemonProtocol
0x000000000933e000 	/System/Library/PrivateFrameworks/CoreDuetDebugLogging.framework/Versions/A/CoreDuetDebugLogging
0x000000000933e000 	/System/Library/Frameworks/CoreLocation.framework/Versions/A/CoreLocation
0x000000000933e000 	/System/Library/Frameworks/Accounts.framework/Versions/A/Accounts
0x000000000933e000 	/System/Library/PrivateFrameworks/ApplePushService.framework/Versions/A/ApplePushService
0x000000000933e000 	/System/Library/PrivateFrameworks/GeoServices.framework/Versions/A/GeoServices
0x000000000933e000 	/System/Library/PrivateFrameworks/OAuth.framework/Versions/A/OAuth
0x000000000933e000 	/System/Library/Frameworks/CoreGraphics.framework/Versions/A/Resources/libCGCMS.A.dylib
0x000000012051a000 	/System/Library/CoreServices/RawCamera.bundle/Contents/MacOS/RawCamera
0x000000000933e000 	/System/Library/Frameworks/CoreGraphics.framework/Versions/A/Resources/libRIP.A.dylib
0x000000000933e000 	/System/Library/PrivateFrameworks/FamilyControls.framework/Versions/A/FamilyControls
0x000000000933e000 	/System/Library/PrivateFrameworks/CommerceKit.framework/Versions/A/Frameworks/CommerceCore.framework/Versions/A/CommerceCore
0x000000000933e000 	/System/Library/PrivateFrameworks/SystemAdministration.framework/Versions/A/SystemAdministration
0x000000000933e000 	/System/Library/PrivateFrameworks/AppContainer.framework/Versions/A/AppContainer
0x000000000933e000 	/System/Library/PrivateFrameworks/SecCodeWrapper.framework/Versions/A/SecCodeWrapper
0x000000000933e000 	/System/Library/Frameworks/DirectoryService.framework/Versions/A/DirectoryService
0x000000000933e000 	/System/Library/PrivateFrameworks/LoginUIKit.framework/Versions/A/Frameworks/LoginUICore.framework/Versions/A/LoginUICore
0x000000000933e000 	/usr/lib/libodfde.dylib

VM Arguments:
jvm_args: -Dfile.encoding=UTF-8 
java_command: GUI.Main
java_class_path (initial): /Users/grahamempey/GitHub/DatabaseCheckers/bin:/Applications/eclipse/plugins/org.eclipse.fx.ide.css.jfx8_1.1.0.201411050807.jar
Launcher Type: SUN_STANDARD

Environment Variables:
PATH=/usr/bin:/bin:/usr/sbin:/sbin
SHELL=/bin/bash
DISPLAY=/private/tmp/com.apple.launchd.H8e0rtX7jw/org.macosforge.xquartz:0

Signal Handlers:
SIGSEGV: [libjvm.dylib+0x55faef], sa_mask[0]=0xfffefeff, sa_flags=0x00000043
SIGBUS: [libjvm.dylib+0x55faef], sa_mask[0]=0xfffefeff, sa_flags=0x00000042
SIGFPE: [libjvm.dylib+0x44305a], sa_mask[0]=0xfffefeff, sa_flags=0x00000042
SIGPIPE: [libjvm.dylib+0x44305a], sa_mask[0]=0xfffefeff, sa_flags=0x00000042
SIGXFSZ: [libjvm.dylib+0x44305a], sa_mask[0]=0xfffefeff, sa_flags=0x00000042
SIGILL: [libjvm.dylib+0x44305a], sa_mask[0]=0xfffefeff, sa_flags=0x00000042
SIGUSR1: SIG_DFL, sa_mask[0]=0x00000000, sa_flags=0x00000000
SIGUSR2: [libjvm.dylib+0x442b78], sa_mask[0]=0x00000004, sa_flags=0x00000042
SIGHUP: [libjvm.dylib+0x440f05], sa_mask[0]=0xfffefeff, sa_flags=0x00000042
SIGINT: [libjvm.dylib+0x440f05], sa_mask[0]=0xfffefeff, sa_flags=0x00000042
SIGTERM: [libjvm.dylib+0x440f05], sa_mask[0]=0xfffefeff, sa_flags=0x00000042
SIGQUIT: [libjvm.dylib+0x440f05], sa_mask[0]=0xfffefeff, sa_flags=0x00000042


---------------  S Y S T E M  ---------------

OS:Bsduname:Darwin 14.1.0 Darwin Kernel Version 14.1.0: Mon Dec 22 23:10:38 PST 2014; root:xnu-2782.10.72~2/RELEASE_X86_64 x86_64
rlimit: STACK 8192k, CORE 0k, NPROC 709, NOFILE 10240, AS infinity
load average:1.52 1.66 1.78

CPU:total 8 (4 cores per cpu, 2 threads per core) family 6 model 42 stepping 7, cmov, cx8, fxsr, mmx, sse, sse2, sse3, ssse3, sse4.1, sse4.2, popcnt, avx, aes, clmul, ht, tsc, tscinvbit

Memory: 4k page, physical 8388608k(18656k free)

/proc/meminfo:


vm_info: Java HotSpot(TM) 64-Bit Server VM (25.0-b70) for bsd-amd64 JRE (1.8.0-b132), built on Mar  4 2014 03:11:43 by "java_re" with gcc 4.2.1 (Based on Apple Inc. build 5658) (LLVM build 2336.11.00)

time: Fri Apr  3 14:32:31 2015
elapsed time: 0 seconds

